2025-07-03 08:53:33.951 [info] [main] Log level: Info
2025-07-03 08:53:33.951 [info] [main] Validating found git in: "git"
2025-07-03 08:53:33.951 [info] [main] Using git "2.43.0" from "git"
2025-07-03 08:53:33.951 [info] [Model][doInitialScan] Initial repository scan started
2025-07-03 08:53:33.951 [info] > git rev-parse --show-toplevel [22ms]
2025-07-03 08:53:33.951 [info] > git rev-parse --git-dir --git-common-dir [2ms]
2025-07-03 08:53:33.951 [info] [Model][openRepository] Opened repository (path): /home/ffaraazm
2025-07-03 08:53:33.951 [info] [Model][openRepository] Opened repository (real path): /home/ffaraazm
2025-07-03 08:53:33.952 [info] > git config --get commit.template [6ms]
2025-07-03 08:53:33.952 [info] > git for-each-ref --format=%(refname)%00%(upstream:short)%00%(objectname)%00%(upstream:track)%00%(upstream:remotename)%00%(upstream:remoteref) refs/heads/faraaz-bot-removeBigFiles refs/remotes/faraaz-bot-removeBigFiles [2ms]
2025-07-03 08:53:33.952 [warning] [Git][getBranch] No such branch: faraaz-bot-removeBigFiles
2025-07-03 08:53:33.962 [info] > git for-each-ref --sort -committerdate --format %(refname)%00%(objectname)%00%(*objectname) [1ms]
2025-07-03 08:53:33.967 [info] > git rev-parse --show-toplevel [2ms]
2025-07-03 08:53:33.972 [info] > git rev-parse --show-toplevel [1ms]
2025-07-03 08:53:33.977 [info] > git rev-parse --show-toplevel [1ms]
2025-07-03 08:53:33.981 [info] > git rev-parse --show-toplevel [1ms]
2025-07-03 08:53:33.985 [info] > git rev-parse --show-toplevel [1ms]
2025-07-03 08:53:33.989 [info] > git rev-parse --show-toplevel [1ms]
2025-07-03 08:53:33.993 [info] > git rev-parse --show-toplevel [1ms]
2025-07-03 08:53:33.997 [info] > git rev-parse --show-toplevel [2ms]
2025-07-03 08:53:34.000 [info] > git rev-parse --show-toplevel [1ms]
2025-07-03 08:53:34.004 [info] > git rev-parse --show-toplevel [1ms]
2025-07-03 08:53:34.027 [info] > git rev-parse --show-toplevel [20ms]
2025-07-03 08:53:34.033 [info] > git rev-parse --git-dir --git-common-dir [1ms]
2025-07-03 08:53:34.036 [info] [Model][openRepository] Opened repository (path): /home/ffaraazm/product-management-testing
2025-07-03 08:53:34.036 [info] [Model][openRepository] Opened repository (real path): /home/ffaraazm/product-management-testing
2025-07-03 08:53:34.045 [info] > git config --get commit.template [4ms]
2025-07-03 08:53:34.048 [info] > git rev-parse --show-toplevel [4ms]
2025-07-03 08:53:34.056 [info] > git rev-parse --git-dir --git-common-dir [1ms]
2025-07-03 08:53:34.059 [info] [Model][openRepository] Opened repository (path): /home/ffaraazm/rocm-blogs-internal
2025-07-03 08:53:34.059 [info] [Model][openRepository] Opened repository (real path): /home/ffaraazm/rocm-blogs-internal
2025-07-03 08:53:34.066 [info] > git config --get commit.template [4ms]
2025-07-03 08:53:34.067 [info] > git for-each-ref --format=%(refname)%00%(upstream:short)%00%(objectname)%00%(upstream:track)%00%(upstream:remotename)%00%(upstream:remoteref) refs/heads/feature/add-memcpy-folder refs/remotes/feature/add-memcpy-folder [15ms]
2025-07-03 08:53:34.067 [info] > git rev-parse --show-toplevel [1ms]
2025-07-03 08:53:34.081 [info] > git status -z -uall [125ms] (cancelled)
2025-07-03 08:53:34.081 [info] > git for-each-ref --format=%(refname)%00%(upstream:short)%00%(objectname)%00%(upstream:track)%00%(upstream:remotename)%00%(upstream:remoteref) refs/heads/faraaz-bot-removeBigFiles refs/remotes/faraaz-bot-removeBigFiles [10ms]
2025-07-03 08:53:34.170 [info] > git rev-parse --show-toplevel [97ms]
2025-07-03 08:53:34.181 [info] > git status -z -uall [97ms]
2025-07-03 08:53:34.181 [info] > git status -z -uall [90ms]
2025-07-03 08:53:34.181 [info] > git for-each-ref --format=%(refname)%00%(upstream:short)%00%(objectname)%00%(upstream:track)%00%(upstream:remotename)%00%(upstream:remoteref) refs/heads/faraaz-bot-removeBigFiles refs/remotes/faraaz-bot-removeBigFiles [15ms]
2025-07-03 08:53:34.181 [warning] [Git][getBranch] No such branch: faraaz-bot-removeBigFiles
2025-07-03 08:53:34.181 [error] [GitHistoryProvider][resolveHEADMergeBase] Failed to resolve merge base for faraaz-bot-removeBigFiles: Error: No such branch: faraaz-bot-removeBigFiles.
2025-07-03 08:53:34.181 [info] > git for-each-ref --sort -committerdate --format %(refname)%00%(objectname)%00%(*objectname) [86ms]
2025-07-03 08:53:34.199 [info] > git for-each-ref --format=%(refname)%00%(upstream:short)%00%(objectname)%00%(upstream:track)%00%(upstream:remotename)%00%(upstream:remoteref) refs/heads/feature/add-memcpy-folder refs/remotes/feature/add-memcpy-folder [6ms]
2025-07-03 08:53:34.202 [info] > git rev-parse --show-toplevel [25ms]
2025-07-03 08:53:34.202 [info] > git config --get commit.template [28ms]
2025-07-03 08:53:34.206 [info] > git config --get commit.template [8ms]
2025-07-03 08:53:34.206 [info] > git for-each-ref --sort -committerdate --format %(refname)%00%(objectname)%00%(*objectname) [119ms]
2025-07-03 08:53:34.219 [info] > git rev-parse --show-toplevel [14ms]
2025-07-03 08:53:34.220 [info] [Model][doInitialScan] Initial repository scan completed - repositories (3), closed repositories (0), parent repositories (0), unsafe repositories (0)
2025-07-03 08:53:34.220 [info] > git config --get --local branch.feature/add-memcpy-folder.vscode-merge-base [18ms]
2025-07-03 08:53:34.843 [info] > git for-each-ref --format=%(refname)%00%(upstream:short)%00%(objectname)%00%(upstream:track)%00%(upstream:remotename)%00%(upstream:remoteref) refs/heads/origin/memory refs/remotes/origin/memory [620ms]
2025-07-03 08:53:34.849 [info] > git config --get commit.template [630ms]
2025-07-03 08:53:34.849 [info] > git for-each-ref --format=%(refname)%00%(upstream:short)%00%(objectname)%00%(upstream:track)%00%(upstream:remotename)%00%(upstream:remoteref) refs/heads/faraaz-bot-removeBigFiles refs/remotes/faraaz-bot-removeBigFiles [633ms]
2025-07-03 08:53:34.849 [warning] [Git][getBranch] No such branch: faraaz-bot-removeBigFiles
2025-07-03 08:53:34.862 [info] > git for-each-ref --format=%(refname)%00%(upstream:short)%00%(objectname)%00%(upstream:track)%00%(upstream:remotename)%00%(upstream:remoteref) refs/heads/faraaz-bot-removeBigFiles refs/remotes/faraaz-bot-removeBigFiles [649ms]
2025-07-03 08:53:34.917 [info] > git check-ignore -v -z --stdin [43ms]
2025-07-03 08:53:34.917 [info] > git check-ignore -v -z --stdin [37ms]
2025-07-03 08:53:34.918 [info] > git config --get --local branch.faraaz-bot-removeBigFiles.vscode-merge-base [50ms]
2025-07-03 08:53:34.923 [info] > git for-each-ref --sort -committerdate --format %(refname)%00%(objectname)%00%(*objectname) [61ms]
2025-07-03 08:53:34.924 [info] > git merge-base refs/heads/feature/add-memcpy-folder refs/remotes/origin/memory [76ms]
2025-07-03 08:53:34.929 [info] > git for-each-ref --format=%(refname)%00%(upstream:short)%00%(objectname)%00%(upstream:track)%00%(upstream:remotename)%00%(upstream:remoteref) refs/heads/feature/add-memcpy-folder refs/remotes/feature/add-memcpy-folder [99ms]
2025-07-03 08:53:34.944 [info] > git diff --name-status -z --diff-filter=ADMR c586a262536568680a7e76ed70265aa6102e7fac...refs/remotes/origin/memory [15ms]
2025-07-03 08:53:34.944 [info] > git for-each-ref --format=%(refname)%00%(upstream:short)%00%(objectname)%00%(upstream:track)%00%(upstream:remotename)%00%(upstream:remoteref) refs/heads/origin/develop refs/remotes/origin/develop [21ms]
2025-07-03 08:53:34.944 [warning] [Git][getBranch] No such branch: origin/develop
2025-07-03 08:53:34.955 [info] > git for-each-ref --format=%(refname)%00%(upstream:short)%00%(objectname)%00%(upstream:track)%00%(upstream:remotename)%00%(upstream:remoteref) refs/heads/faraaz-bot-removeBigFiles refs/remotes/faraaz-bot-removeBigFiles [19ms]
2025-07-03 08:53:34.974 [info] > git reflog faraaz-bot-removeBigFiles --grep-reflog=branch: Created from *. [24ms]
2025-07-03 08:53:35.002 [info] > git status -z -uall [41ms]
2025-07-03 08:53:35.002 [info] > git status -z -uall [18ms]
2025-07-03 08:53:35.004 [info] > git for-each-ref --sort -committerdate --format %(refname)%00%(objectname)%00%(*objectname) [14ms]
2025-07-03 08:53:35.005 [info] > git symbolic-ref --short refs/remotes/origin/HEAD [27ms]
2025-07-03 08:53:35.005 [info] fatal: ref refs/remotes/origin/HEAD is not a symbolic ref
2025-07-03 08:53:35.005 [warning] [Repository][getDefaultBranch] Failed to get default branch details: Failed to execute git.
2025-07-03 08:53:35.053 [info] > git status -z -uall [196ms] (cancelled)
2025-07-03 08:53:35.053 [info] > git for-each-ref --sort -committerdate --format %(refname)%00%(objectname)%00%(*objectname) [87ms]
2025-07-03 10:49:00.924 [info] > git config --get commit.template [8ms]
2025-07-03 10:49:00.925 [info] > git for-each-ref --format=%(refname)%00%(upstream:short)%00%(objectname)%00%(upstream:track)%00%(upstream:remotename)%00%(upstream:remoteref) refs/heads/memory refs/remotes/memory [1ms]
2025-07-03 10:49:00.943 [info] > git status -z -uall [10ms]
2025-07-03 10:49:00.944 [info] > git for-each-ref --sort -committerdate --format %(refname)%00%(objectname)%00%(*objectname) [1ms]
2025-07-03 10:49:00.956 [info] > git for-each-ref --format=%(refname)%00%(upstream:short)%00%(objectname)%00%(upstream:track)%00%(upstream:remotename)%00%(upstream:remoteref) refs/heads/memory refs/remotes/memory [1ms]
2025-07-03 10:49:00.965 [info] > git config --get --local branch.memory.vscode-merge-base [1ms]
2025-07-03 10:49:00.974 [info] > git for-each-ref --format=%(refname)%00%(upstream:short)%00%(objectname)%00%(upstream:track)%00%(upstream:remotename)%00%(upstream:remoteref) refs/heads/origin/memory refs/remotes/origin/memory [1ms]
2025-07-03 10:49:00.983 [info] > git merge-base refs/heads/memory refs/remotes/origin/memory [2ms]
2025-07-03 10:49:00.991 [info] > git diff --name-status -z --diff-filter=ADMR eefc6dd7ca28da4daaca7aa6b6da2bf465ee4edc...refs/remotes/origin/memory [1ms]
2025-07-03 10:49:05.974 [info] > git config --get commit.template [8ms]
2025-07-03 10:49:05.975 [info] > git for-each-ref --format=%(refname)%00%(upstream:short)%00%(objectname)%00%(upstream:track)%00%(upstream:remotename)%00%(upstream:remoteref) refs/heads/memory refs/remotes/memory [1ms]
2025-07-03 10:49:05.990 [info] > git status -z -uall [7ms]
2025-07-03 10:49:05.992 [info] > git for-each-ref --sort -committerdate --format %(refname)%00%(objectname)%00%(*objectname) [2ms]
2025-07-03 10:53:27.476 [info] > git config --get commit.template [10ms]
2025-07-03 10:53:27.477 [info] > git for-each-ref --format=%(refname)%00%(upstream:short)%00%(objectname)%00%(upstream:track)%00%(upstream:remotename)%00%(upstream:remoteref) refs/heads/memory refs/remotes/memory [2ms]
2025-07-03 10:53:27.494 [info] > git status -z -uall [9ms]
2025-07-03 10:53:27.496 [info] > git for-each-ref --sort -committerdate --format %(refname)%00%(objectname)%00%(*objectname) [2ms]
2025-07-03 10:53:27.506 [info] > git merge-base refs/heads/memory refs/remotes/origin/memory [2ms]
2025-07-03 10:53:27.515 [info] > git diff --name-status -z --diff-filter=ADMR c1530f252f77cdec1d3ea8d076e7a0ef2d185a95...refs/remotes/origin/memory [1ms]
2025-07-03 10:53:32.523 [info] > git config --get commit.template [8ms]
2025-07-03 10:53:32.524 [info] > git for-each-ref --format=%(refname)%00%(upstream:short)%00%(objectname)%00%(upstream:track)%00%(upstream:remotename)%00%(upstream:remoteref) refs/heads/memory refs/remotes/memory [2ms]
2025-07-03 10:53:32.540 [info] > git status -z -uall [8ms]
2025-07-03 10:53:32.541 [info] > git for-each-ref --sort -committerdate --format %(refname)%00%(objectname)%00%(*objectname) [2ms]
2025-07-03 10:54:39.481 [info] > git config --get commit.template [9ms]
2025-07-03 10:54:39.482 [info] > git for-each-ref --format=%(refname)%00%(upstream:short)%00%(objectname)%00%(upstream:track)%00%(upstream:remotename)%00%(upstream:remoteref) refs/heads/memory refs/remotes/memory [2ms]
2025-07-03 10:54:39.498 [info] > git status -z -uall [8ms]
2025-07-03 10:54:39.499 [info] > git for-each-ref --sort -committerdate --format %(refname)%00%(objectname)%00%(*objectname) [1ms]
2025-07-03 10:54:39.509 [info] > git merge-base refs/heads/memory refs/remotes/origin/memory [2ms]
2025-07-03 10:54:39.518 [info] > git diff --name-status -z --diff-filter=ADMR 742cfad4d114168edf5495dcdfe6378c8f0c7c29...refs/remotes/origin/memory [2ms]
2025-07-03 10:54:44.526 [info] > git config --get commit.template [8ms]
2025-07-03 10:54:44.527 [info] > git for-each-ref --format=%(refname)%00%(upstream:short)%00%(objectname)%00%(upstream:track)%00%(upstream:remotename)%00%(upstream:remoteref) refs/heads/memory refs/remotes/memory [2ms]
2025-07-03 10:54:44.544 [info] > git status -z -uall [9ms]
2025-07-03 10:54:44.545 [info] > git for-each-ref --sort -committerdate --format %(refname)%00%(objectname)%00%(*objectname) [1ms]
2025-07-03 10:56:00.881 [info] > git config --get commit.template [10ms]
2025-07-03 10:56:00.882 [info] > git for-each-ref --format=%(refname)%00%(upstream:short)%00%(objectname)%00%(upstream:track)%00%(upstream:remotename)%00%(upstream:remoteref) refs/heads/memory refs/remotes/memory [1ms]
2025-07-03 10:56:00.899 [info] > git status -z -uall [8ms]
2025-07-03 10:56:00.900 [info] > git for-each-ref --sort -committerdate --format %(refname)%00%(objectname)%00%(*objectname) [2ms]
2025-07-03 10:56:00.909 [info] > git merge-base refs/heads/memory refs/remotes/origin/memory [1ms]
2025-07-03 10:56:00.917 [info] > git diff --name-status -z --diff-filter=ADMR 3e4618a666049c537a805951f00b95abd67f7547...refs/remotes/origin/memory [2ms]
2025-07-03 10:56:05.923 [info] > git config --get commit.template [6ms]
2025-07-03 10:56:05.923 [info] > git for-each-ref --format=%(refname)%00%(upstream:short)%00%(objectname)%00%(upstream:track)%00%(upstream:remotename)%00%(upstream:remoteref) refs/heads/memory refs/remotes/memory [1ms]
2025-07-03 10:56:05.939 [info] > git status -z -uall [7ms]
2025-07-03 10:56:05.941 [info] > git for-each-ref --sort -committerdate --format %(refname)%00%(objectname)%00%(*objectname) [2ms]
2025-07-03 11:00:17.343 [info] > git config --get commit.template [10ms]
2025-07-03 11:00:17.345 [info] > git for-each-ref --format=%(refname)%00%(upstream:short)%00%(objectname)%00%(upstream:track)%00%(upstream:remotename)%00%(upstream:remoteref) refs/heads/memory refs/remotes/memory [2ms]
2025-07-03 11:00:17.360 [info] > git status -z -uall [7ms]
2025-07-03 11:00:17.362 [info] > git for-each-ref --sort -committerdate --format %(refname)%00%(objectname)%00%(*objectname) [2ms]
2025-07-03 11:00:17.371 [info] > git merge-base refs/heads/memory refs/remotes/origin/memory [1ms]
2025-07-03 11:00:17.380 [info] > git diff --name-status -z --diff-filter=ADMR 1666e5465e3ce84a85b37f38ef33941f72e060f6...refs/remotes/origin/memory [1ms]
2025-07-03 11:00:22.382 [info] > git config --get commit.template [2ms]
2025-07-03 11:00:22.392 [info] > git for-each-ref --format=%(refname)%00%(upstream:short)%00%(objectname)%00%(upstream:track)%00%(upstream:remotename)%00%(upstream:remoteref) refs/heads/memory refs/remotes/memory [1ms]
2025-07-03 11:00:22.408 [info] > git status -z -uall [8ms]
2025-07-03 11:00:22.409 [info] > git for-each-ref --sort -committerdate --format %(refname)%00%(objectname)%00%(*objectname) [2ms]
2025-07-03 11:05:44.054 [info] > git config --get commit.template [10ms]
2025-07-03 11:05:44.055 [info] > git for-each-ref --format=%(refname)%00%(upstream:short)%00%(objectname)%00%(upstream:track)%00%(upstream:remotename)%00%(upstream:remoteref) refs/heads/memory refs/remotes/memory [1ms]
2025-07-03 11:05:44.071 [info] > git status -z -uall [7ms]
2025-07-03 11:05:44.072 [info] > git for-each-ref --sort -committerdate --format %(refname)%00%(objectname)%00%(*objectname) [2ms]
2025-07-03 11:05:44.081 [info] > git merge-base refs/heads/memory refs/remotes/origin/memory [2ms]
2025-07-03 11:05:44.090 [info] > git diff --name-status -z --diff-filter=ADMR 5382e3aaaa958e40255c5614f4af8bd6c3989ff0...refs/remotes/origin/memory [2ms]
2025-07-03 11:05:49.091 [info] > git config --get commit.template [1ms]
2025-07-03 11:05:49.100 [info] > git for-each-ref --format=%(refname)%00%(upstream:short)%00%(objectname)%00%(upstream:track)%00%(upstream:remotename)%00%(upstream:remoteref) refs/heads/memory refs/remotes/memory [1ms]
2025-07-03 11:05:49.116 [info] > git status -z -uall [8ms]
2025-07-03 11:05:49.117 [info] > git for-each-ref --sort -committerdate --format %(refname)%00%(objectname)%00%(*objectname) [2ms]
2025-07-03 11:29:38.907 [info] > git config --get commit.template [9ms]
2025-07-03 11:29:38.908 [info] > git for-each-ref --format=%(refname)%00%(upstream:short)%00%(objectname)%00%(upstream:track)%00%(upstream:remotename)%00%(upstream:remoteref) refs/heads/memory refs/remotes/memory [1ms]
2025-07-03 11:29:38.925 [info] > git status -z -uall [8ms]
2025-07-03 11:29:38.926 [info] > git for-each-ref --sort -committerdate --format %(refname)%00%(objectname)%00%(*objectname) [2ms]
2025-07-03 11:29:38.937 [info] > git merge-base refs/heads/memory refs/remotes/origin/memory [1ms]
2025-07-03 11:29:38.944 [info] > git diff --name-status -z --diff-filter=ADMR cac7f9dfca797e4b3e98e993cd1535eb005111d4...refs/remotes/origin/memory [1ms]
2025-07-03 11:29:43.955 [info] > git config --get commit.template [9ms]
2025-07-03 11:29:43.956 [info] > git for-each-ref --format=%(refname)%00%(upstream:short)%00%(objectname)%00%(upstream:track)%00%(upstream:remotename)%00%(upstream:remoteref) refs/heads/memory refs/remotes/memory [2ms]
2025-07-03 11:29:43.971 [info] > git status -z -uall [8ms]
2025-07-03 11:29:43.972 [info] > git for-each-ref --sort -committerdate --format %(refname)%00%(objectname)%00%(*objectname) [1ms]
2025-07-03 11:31:19.005 [info] > git config --get commit.template [8ms]
2025-07-03 11:31:19.007 [info] > git for-each-ref --format=%(refname)%00%(upstream:short)%00%(objectname)%00%(upstream:track)%00%(upstream:remotename)%00%(upstream:remoteref) refs/heads/memory refs/remotes/memory [2ms]
2025-07-03 11:31:19.022 [info] > git status -z -uall [7ms]
2025-07-03 11:31:19.024 [info] > git for-each-ref --sort -committerdate --format %(refname)%00%(objectname)%00%(*objectname) [2ms]
2025-07-03 11:31:19.034 [info] > git merge-base refs/heads/memory refs/remotes/origin/memory [1ms]
2025-07-03 11:31:19.043 [info] > git diff --name-status -z --diff-filter=ADMR b4d94c59a761e8ecdd6bc87addccf21ba13f5366...refs/remotes/origin/memory [1ms]
2025-07-03 11:31:24.049 [info] > git config --get commit.template [8ms]
2025-07-03 11:31:24.050 [info] > git for-each-ref --format=%(refname)%00%(upstream:short)%00%(objectname)%00%(upstream:track)%00%(upstream:remotename)%00%(upstream:remoteref) refs/heads/memory refs/remotes/memory [2ms]
2025-07-03 11:31:24.068 [info] > git status -z -uall [10ms]
2025-07-03 11:31:24.069 [info] > git for-each-ref --sort -committerdate --format %(refname)%00%(objectname)%00%(*objectname) [1ms]
2025-07-03 11:34:07.448 [info] > git config --get commit.template [9ms]
2025-07-03 11:34:07.449 [info] > git for-each-ref --format=%(refname)%00%(upstream:short)%00%(objectname)%00%(upstream:track)%00%(upstream:remotename)%00%(upstream:remoteref) refs/heads/memory refs/remotes/memory [1ms]
2025-07-03 11:34:07.466 [info] > git status -z -uall [9ms]
2025-07-03 11:34:07.467 [info] > git for-each-ref --sort -committerdate --format %(refname)%00%(objectname)%00%(*objectname) [2ms]
2025-07-03 11:34:07.477 [info] > git merge-base refs/heads/memory refs/remotes/origin/memory [2ms]
2025-07-03 11:34:07.486 [info] > git diff --name-status -z --diff-filter=ADMR ebe5c00a527aacbdc8622c3216e6ae62daee00b0...refs/remotes/origin/memory [1ms]
2025-07-03 11:34:12.493 [info] > git config --get commit.template [9ms]
2025-07-03 11:34:12.494 [info] > git for-each-ref --format=%(refname)%00%(upstream:short)%00%(objectname)%00%(upstream:track)%00%(upstream:remotename)%00%(upstream:remoteref) refs/heads/memory refs/remotes/memory [1ms]
2025-07-03 11:34:12.511 [info] > git status -z -uall [8ms]
2025-07-03 11:34:12.512 [info] > git for-each-ref --sort -committerdate --format %(refname)%00%(objectname)%00%(*objectname) [2ms]
2025-07-03 11:35:56.121 [info] > git config --get commit.template [8ms]
2025-07-03 11:35:56.123 [info] > git for-each-ref --format=%(refname)%00%(upstream:short)%00%(objectname)%00%(upstream:track)%00%(upstream:remotename)%00%(upstream:remoteref) refs/heads/memory refs/remotes/memory [2ms]
2025-07-03 11:35:56.139 [info] > git status -z -uall [8ms]
2025-07-03 11:35:56.140 [info] > git for-each-ref --sort -committerdate --format %(refname)%00%(objectname)%00%(*objectname) [2ms]
2025-07-03 11:35:56.150 [info] > git merge-base refs/heads/memory refs/remotes/origin/memory [2ms]
2025-07-03 11:35:56.157 [info] > git diff --name-status -z --diff-filter=ADMR 3b989cd36236a7b505f5af781223707e87e1e90a...refs/remotes/origin/memory [1ms]
2025-07-03 11:36:01.171 [info] > git config --get commit.template [11ms]
2025-07-03 11:36:01.172 [info] > git for-each-ref --format=%(refname)%00%(upstream:short)%00%(objectname)%00%(upstream:track)%00%(upstream:remotename)%00%(upstream:remoteref) refs/heads/memory refs/remotes/memory [2ms]
2025-07-03 11:36:01.185 [info] > git status -z -uall [7ms]
2025-07-03 11:36:01.186 [info] > git for-each-ref --sort -committerdate --format %(refname)%00%(objectname)%00%(*objectname) [2ms]
2025-07-03 11:37:03.434 [info] > git config --get commit.template [8ms]
2025-07-03 11:37:03.435 [info] > git for-each-ref --format=%(refname)%00%(upstream:short)%00%(objectname)%00%(upstream:track)%00%(upstream:remotename)%00%(upstream:remoteref) refs/heads/memory refs/remotes/memory [1ms]
2025-07-03 11:37:03.451 [info] > git status -z -uall [9ms]
2025-07-03 11:37:03.451 [info] > git for-each-ref --sort -committerdate --format %(refname)%00%(objectname)%00%(*objectname) [1ms]
2025-07-03 11:37:03.461 [info] > git merge-base refs/heads/memory refs/remotes/origin/memory [1ms]
2025-07-03 11:37:03.470 [info] > git diff --name-status -z --diff-filter=ADMR 954eae2939822bb68475802ce7c5c11ff722f214...refs/remotes/origin/memory [2ms]
2025-07-03 11:37:08.480 [info] > git config --get commit.template [10ms]
2025-07-03 11:37:08.481 [info] > git for-each-ref --format=%(refname)%00%(upstream:short)%00%(objectname)%00%(upstream:track)%00%(upstream:remotename)%00%(upstream:remoteref) refs/heads/memory refs/remotes/memory [2ms]
2025-07-03 11:37:08.497 [info] > git status -z -uall [8ms]
2025-07-03 11:37:08.499 [info] > git for-each-ref --sort -committerdate --format %(refname)%00%(objectname)%00%(*objectname) [2ms]
2025-07-03 11:39:15.189 [info] > git config --get commit.template [1ms]
2025-07-03 11:39:15.199 [info] > git for-each-ref --format=%(refname)%00%(upstream:short)%00%(objectname)%00%(upstream:track)%00%(upstream:remotename)%00%(upstream:remoteref) refs/heads/memory refs/remotes/memory [1ms]
2025-07-03 11:39:15.215 [info] > git status -z -uall [7ms]
2025-07-03 11:39:15.217 [info] > git for-each-ref --sort -committerdate --format %(refname)%00%(objectname)%00%(*objectname) [2ms]
2025-07-03 11:39:15.226 [info] > git merge-base refs/heads/memory refs/remotes/origin/memory [1ms]
2025-07-03 11:39:15.235 [info] > git diff --name-status -z --diff-filter=ADMR 2f0aa090f1939677567931696e240213fd489bf6...refs/remotes/origin/memory [1ms]
2025-07-03 11:39:20.245 [info] > git config --get commit.template [10ms]
2025-07-03 11:39:20.246 [info] > git for-each-ref --format=%(refname)%00%(upstream:short)%00%(objectname)%00%(upstream:track)%00%(upstream:remotename)%00%(upstream:remoteref) refs/heads/memory refs/remotes/memory [2ms]
2025-07-03 11:39:20.263 [info] > git status -z -uall [9ms]
2025-07-03 11:39:20.264 [info] > git for-each-ref --sort -committerdate --format %(refname)%00%(objectname)%00%(*objectname) [1ms]
2025-07-03 11:45:55.345 [info] > git config --get commit.template [8ms]
2025-07-03 11:45:55.347 [info] > git for-each-ref --format=%(refname)%00%(upstream:short)%00%(objectname)%00%(upstream:track)%00%(upstream:remotename)%00%(upstream:remoteref) refs/heads/memory refs/remotes/memory [2ms]
2025-07-03 11:45:55.363 [info] > git status -z -uall [8ms]
2025-07-03 11:45:55.364 [info] > git for-each-ref --sort -committerdate --format %(refname)%00%(objectname)%00%(*objectname) [1ms]
2025-07-03 11:45:55.373 [info] > git merge-base refs/heads/memory refs/remotes/origin/memory [1ms]
2025-07-03 11:45:55.381 [info] > git diff --name-status -z --diff-filter=ADMR eb435f06582f0aa15362327dba77c7e69220c82c...refs/remotes/origin/memory [2ms]
2025-07-03 11:46:00.390 [info] > git config --get commit.template [8ms]
2025-07-03 11:46:00.391 [info] > git for-each-ref --format=%(refname)%00%(upstream:short)%00%(objectname)%00%(upstream:track)%00%(upstream:remotename)%00%(upstream:remoteref) refs/heads/memory refs/remotes/memory [1ms]
2025-07-03 11:46:00.407 [info] > git status -z -uall [8ms]
2025-07-03 11:46:00.408 [info] > git for-each-ref --sort -committerdate --format %(refname)%00%(objectname)%00%(*objectname) [2ms]
2025-07-03 11:47:02.065 [info] > git config --get commit.template [8ms]
2025-07-03 11:47:02.066 [info] > git for-each-ref --format=%(refname)%00%(upstream:short)%00%(objectname)%00%(upstream:track)%00%(upstream:remotename)%00%(upstream:remoteref) refs/heads/memory refs/remotes/memory [2ms]
2025-07-03 11:47:02.082 [info] > git status -z -uall [7ms]
2025-07-03 11:47:02.083 [info] > git for-each-ref --sort -committerdate --format %(refname)%00%(objectname)%00%(*objectname) [2ms]
2025-07-03 11:57:37.396 [info] > git config --get commit.template [10ms]
2025-07-03 11:57:37.397 [info] > git for-each-ref --format=%(refname)%00%(upstream:short)%00%(objectname)%00%(upstream:track)%00%(upstream:remotename)%00%(upstream:remoteref) refs/heads/memory refs/remotes/memory [1ms]
2025-07-03 11:57:37.413 [info] > git status -z -uall [8ms]
2025-07-03 11:57:37.414 [info] > git for-each-ref --sort -committerdate --format %(refname)%00%(objectname)%00%(*objectname) [1ms]
2025-07-03 11:57:37.424 [info] > git merge-base refs/heads/memory refs/remotes/origin/memory [1ms]
2025-07-03 11:57:37.433 [info] > git diff --name-status -z --diff-filter=ADMR 22ce4cf244f628b887ceaf7d3b5ef0e2bf321703...refs/remotes/origin/memory [2ms]
2025-07-03 11:57:42.442 [info] > git config --get commit.template [9ms]
2025-07-03 11:57:42.443 [info] > git for-each-ref --format=%(refname)%00%(upstream:short)%00%(objectname)%00%(upstream:track)%00%(upstream:remotename)%00%(upstream:remoteref) refs/heads/memory refs/remotes/memory [2ms]
2025-07-03 11:57:42.459 [info] > git status -z -uall [8ms]
2025-07-03 11:57:42.460 [info] > git for-each-ref --sort -committerdate --format %(refname)%00%(objectname)%00%(*objectname) [2ms]
2025-07-03 12:00:59.085 [info] > git config --get commit.template [8ms]
2025-07-03 12:00:59.086 [info] > git for-each-ref --format=%(refname)%00%(upstream:short)%00%(objectname)%00%(upstream:track)%00%(upstream:remotename)%00%(upstream:remoteref) refs/heads/memory refs/remotes/memory [1ms]
2025-07-03 12:00:59.100 [info] > git status -z -uall [6ms]
2025-07-03 12:00:59.101 [info] > git for-each-ref --sort -committerdate --format %(refname)%00%(objectname)%00%(*objectname) [1ms]
2025-07-03 12:00:59.112 [info] > git merge-base refs/heads/memory refs/remotes/origin/memory [1ms]
2025-07-03 12:00:59.123 [info] > git diff --name-status -z --diff-filter=ADMR a217a155b4ba31376d319011a97f8533fb55ec5b...refs/remotes/origin/memory [1ms]
2025-07-03 12:01:04.131 [info] > git config --get commit.template [10ms]
2025-07-03 12:01:04.133 [info] > git for-each-ref --format=%(refname)%00%(upstream:short)%00%(objectname)%00%(upstream:track)%00%(upstream:remotename)%00%(upstream:remoteref) refs/heads/memory refs/remotes/memory [1ms]
2025-07-03 12:01:04.151 [info] > git status -z -uall [10ms]
2025-07-03 12:01:04.152 [info] > git for-each-ref --sort -committerdate --format %(refname)%00%(objectname)%00%(*objectname) [2ms]
2025-07-03 12:04:58.515 [info] > git config --get commit.template [7ms]
2025-07-03 12:04:58.516 [info] > git for-each-ref --format=%(refname)%00%(upstream:short)%00%(objectname)%00%(upstream:track)%00%(upstream:remotename)%00%(upstream:remoteref) refs/heads/memory refs/remotes/memory [1ms]
2025-07-03 12:04:58.531 [info] > git status -z -uall [8ms]
2025-07-03 12:04:58.532 [info] > git for-each-ref --sort -committerdate --format %(refname)%00%(objectname)%00%(*objectname) [1ms]
2025-07-03 12:06:06.165 [info] > git config --get commit.template [8ms]
2025-07-03 12:06:06.167 [info] > git for-each-ref --format=%(refname)%00%(upstream:short)%00%(objectname)%00%(upstream:track)%00%(upstream:remotename)%00%(upstream:remoteref) refs/heads/memory refs/remotes/memory [2ms]
2025-07-03 12:06:06.183 [info] > git status -z -uall [8ms]
2025-07-03 12:06:06.184 [info] > git for-each-ref --sort -committerdate --format %(refname)%00%(objectname)%00%(*objectname) [2ms]
2025-07-03 12:06:06.194 [info] > git merge-base refs/heads/memory refs/remotes/origin/memory [1ms]
2025-07-03 12:06:06.203 [info] > git diff --name-status -z --diff-filter=ADMR 8af7619948f87b1eedddadad0c3cdceb13169fad...refs/remotes/origin/memory [1ms]
2025-07-03 12:06:11.211 [info] > git config --get commit.template [8ms]
2025-07-03 12:06:11.212 [info] > git for-each-ref --format=%(refname)%00%(upstream:short)%00%(objectname)%00%(upstream:track)%00%(upstream:remotename)%00%(upstream:remoteref) refs/heads/memory refs/remotes/memory [1ms]
2025-07-03 12:06:11.228 [info] > git status -z -uall [8ms]
2025-07-03 12:06:11.229 [info] > git for-each-ref --sort -committerdate --format %(refname)%00%(objectname)%00%(*objectname) [1ms]
2025-07-03 12:09:01.196 [info] > git config --get commit.template [8ms]
2025-07-03 12:09:01.198 [info] > git for-each-ref --format=%(refname)%00%(upstream:short)%00%(objectname)%00%(upstream:track)%00%(upstream:remotename)%00%(upstream:remoteref) refs/heads/memory refs/remotes/memory [2ms]
2025-07-03 12:09:01.213 [info] > git status -z -uall [8ms]
2025-07-03 12:09:01.214 [info] > git for-each-ref --sort -committerdate --format %(refname)%00%(objectname)%00%(*objectname) [1ms]
2025-07-03 12:09:01.225 [info] > git merge-base refs/heads/memory refs/remotes/origin/memory [1ms]
2025-07-03 12:09:01.235 [info] > git diff --name-status -z --diff-filter=ADMR dc283c1f5c9fe21d64dfc74e2d5f10d9d739eaf5...refs/remotes/origin/memory [2ms]
2025-07-03 12:09:06.241 [info] > git config --get commit.template [8ms]
2025-07-03 12:09:06.242 [info] > git for-each-ref --format=%(refname)%00%(upstream:short)%00%(objectname)%00%(upstream:track)%00%(upstream:remotename)%00%(upstream:remoteref) refs/heads/memory refs/remotes/memory [1ms]
2025-07-03 12:09:06.257 [info] > git status -z -uall [7ms]
2025-07-03 12:09:06.259 [info] > git for-each-ref --sort -committerdate --format %(refname)%00%(objectname)%00%(*objectname) [2ms]
2025-07-03 12:14:35.260 [info] > git config --get commit.template [8ms]
2025-07-03 12:14:35.261 [info] > git for-each-ref --format=%(refname)%00%(upstream:short)%00%(objectname)%00%(upstream:track)%00%(upstream:remotename)%00%(upstream:remoteref) refs/heads/memory refs/remotes/memory [2ms]
2025-07-03 12:14:35.276 [info] > git status -z -uall [8ms]
2025-07-03 12:14:35.277 [info] > git for-each-ref --sort -committerdate --format %(refname)%00%(objectname)%00%(*objectname) [2ms]
2025-07-03 12:14:35.287 [info] > git merge-base refs/heads/memory refs/remotes/origin/memory [1ms]
2025-07-03 12:14:35.296 [info] > git diff --name-status -z --diff-filter=ADMR 9b4a4f084a668e67ecee7269c236d1181d1b54a0...refs/remotes/origin/memory [1ms]
2025-07-03 12:14:40.307 [info] > git config --get commit.template [10ms]
2025-07-03 12:14:40.308 [info] > git for-each-ref --format=%(refname)%00%(upstream:short)%00%(objectname)%00%(upstream:track)%00%(upstream:remotename)%00%(upstream:remoteref) refs/heads/memory refs/remotes/memory [1ms]
2025-07-03 12:14:40.324 [info] > git status -z -uall [7ms]
2025-07-03 12:14:40.326 [info] > git for-each-ref --sort -committerdate --format %(refname)%00%(objectname)%00%(*objectname) [2ms]
2025-07-03 12:16:56.813 [info] > git config --get commit.template [8ms]
2025-07-03 12:16:56.815 [info] > git for-each-ref --format=%(refname)%00%(upstream:short)%00%(objectname)%00%(upstream:track)%00%(upstream:remotename)%00%(upstream:remoteref) refs/heads/memory refs/remotes/memory [2ms]
2025-07-03 12:16:56.831 [info] > git status -z -uall [8ms]
2025-07-03 12:16:56.833 [info] > git for-each-ref --sort -committerdate --format %(refname)%00%(objectname)%00%(*objectname) [1ms]
2025-07-03 12:16:56.843 [info] > git merge-base refs/heads/memory refs/remotes/origin/memory [1ms]
2025-07-03 12:16:56.851 [info] > git diff --name-status -z --diff-filter=ADMR e2b65cb2b842e80a834a25b72e26a603db7323a1...refs/remotes/origin/memory [2ms]
2025-07-03 12:17:01.859 [info] > git config --get commit.template [8ms]
2025-07-03 12:17:01.860 [info] > git for-each-ref --format=%(refname)%00%(upstream:short)%00%(objectname)%00%(upstream:track)%00%(upstream:remotename)%00%(upstream:remoteref) refs/heads/memory refs/remotes/memory [1ms]
2025-07-03 12:17:01.876 [info] > git status -z -uall [7ms]
2025-07-03 12:17:01.878 [info] > git for-each-ref --sort -committerdate --format %(refname)%00%(objectname)%00%(*objectname) [2ms]
2025-07-03 12:20:22.736 [info] > git config --get commit.template [11ms]
2025-07-03 12:20:22.737 [info] > git for-each-ref --format=%(refname)%00%(upstream:short)%00%(objectname)%00%(upstream:track)%00%(upstream:remotename)%00%(upstream:remoteref) refs/heads/memory refs/remotes/memory [2ms]
2025-07-03 12:20:22.752 [info] > git status -z -uall [7ms]
2025-07-03 12:20:22.753 [info] > git for-each-ref --sort -committerdate --format %(refname)%00%(objectname)%00%(*objectname) [1ms]
2025-07-03 12:20:22.763 [info] > git merge-base refs/heads/memory refs/remotes/origin/memory [1ms]
2025-07-03 12:20:22.772 [info] > git diff --name-status -z --diff-filter=ADMR 8353546e77407d64a9244f60a75eaa5b10492ce2...refs/remotes/origin/memory [1ms]
2025-07-03 12:20:27.781 [info] > git config --get commit.template [9ms]
2025-07-03 12:20:27.782 [info] > git for-each-ref --format=%(refname)%00%(upstream:short)%00%(objectname)%00%(upstream:track)%00%(upstream:remotename)%00%(upstream:remoteref) refs/heads/memory refs/remotes/memory [1ms]
2025-07-03 12:20:27.799 [info] > git status -z -uall [9ms]
2025-07-03 12:20:27.801 [info] > git for-each-ref --sort -committerdate --format %(refname)%00%(objectname)%00%(*objectname) [2ms]
2025-07-03 12:26:00.197 [info] > git config --get commit.template [8ms]
2025-07-03 12:26:00.199 [info] > git for-each-ref --format=%(refname)%00%(upstream:short)%00%(objectname)%00%(upstream:track)%00%(upstream:remotename)%00%(upstream:remoteref) refs/heads/memory refs/remotes/memory [1ms]
2025-07-03 12:26:00.215 [info] > git status -z -uall [9ms]
2025-07-03 12:26:00.217 [info] > git for-each-ref --sort -committerdate --format %(refname)%00%(objectname)%00%(*objectname) [2ms]
2025-07-03 12:26:00.228 [info] > git merge-base refs/heads/memory refs/remotes/origin/memory [2ms]
2025-07-03 12:26:00.235 [info] > git diff --name-status -z --diff-filter=ADMR 93ad97d588db77d988117abb397ed85414b650ec...refs/remotes/origin/memory [1ms]
2025-07-03 12:26:05.247 [info] > git config --get commit.template [10ms]
2025-07-03 12:26:05.248 [info] > git for-each-ref --format=%(refname)%00%(upstream:short)%00%(objectname)%00%(upstream:track)%00%(upstream:remotename)%00%(upstream:remoteref) refs/heads/memory refs/remotes/memory [1ms]
2025-07-03 12:26:05.266 [info] > git status -z -uall [9ms]
2025-07-03 12:26:05.267 [info] > git for-each-ref --sort -committerdate --format %(refname)%00%(objectname)%00%(*objectname) [1ms]
2025-07-03 12:26:55.818 [info] > git config --get commit.template [10ms]
2025-07-03 12:26:55.819 [info] > git for-each-ref --format=%(refname)%00%(upstream:short)%00%(objectname)%00%(upstream:track)%00%(upstream:remotename)%00%(upstream:remoteref) refs/heads/memory refs/remotes/memory [2ms]
2025-07-03 12:26:55.835 [info] > git status -z -uall [8ms]
2025-07-03 12:26:55.836 [info] > git for-each-ref --sort -committerdate --format %(refname)%00%(objectname)%00%(*objectname) [1ms]
2025-07-03 12:26:55.846 [info] > git merge-base refs/heads/memory refs/remotes/origin/memory [1ms]
2025-07-03 12:26:55.856 [info] > git diff --name-status -z --diff-filter=ADMR 429b09e4dfc0155b29969d7559d53d8bb1b7415f...refs/remotes/origin/memory [2ms]
2025-07-03 12:27:00.865 [info] > git config --get commit.template [10ms]
2025-07-03 12:27:00.866 [info] > git for-each-ref --format=%(refname)%00%(upstream:short)%00%(objectname)%00%(upstream:track)%00%(upstream:remotename)%00%(upstream:remoteref) refs/heads/memory refs/remotes/memory [1ms]
2025-07-03 12:27:00.883 [info] > git status -z -uall [8ms]
2025-07-03 12:27:00.884 [info] > git for-each-ref --sort -committerdate --format %(refname)%00%(objectname)%00%(*objectname) [1ms]
2025-07-03 12:34:13.020 [info] > git config --get commit.template [7ms]
2025-07-03 12:34:13.021 [info] > git for-each-ref --format=%(refname)%00%(upstream:short)%00%(objectname)%00%(upstream:track)%00%(upstream:remotename)%00%(upstream:remoteref) refs/heads/memory refs/remotes/memory [2ms]
2025-07-03 12:34:13.035 [info] > git status -z -uall [6ms]
2025-07-03 12:34:13.036 [info] > git for-each-ref --sort -committerdate --format %(refname)%00%(objectname)%00%(*objectname) [1ms]
2025-07-03 12:34:13.047 [info] > git merge-base refs/heads/memory refs/remotes/origin/memory [2ms]
2025-07-03 12:34:13.056 [info] > git diff --name-status -z --diff-filter=ADMR 65a84ce96734b5ca635720b7b9813bcaa3100a06...refs/remotes/origin/memory [2ms]
2025-07-03 12:34:18.066 [info] > git config --get commit.template [10ms]
2025-07-03 12:34:18.067 [info] > git for-each-ref --format=%(refname)%00%(upstream:short)%00%(objectname)%00%(upstream:track)%00%(upstream:remotename)%00%(upstream:remoteref) refs/heads/memory refs/remotes/memory [1ms]
2025-07-03 12:34:18.083 [info] > git status -z -uall [8ms]
2025-07-03 12:34:18.083 [info] > git for-each-ref --sort -committerdate --format %(refname)%00%(objectname)%00%(*objectname) [1ms]
2025-07-03 12:39:59.122 [info] > git config --get commit.template [1ms]
2025-07-03 12:39:59.132 [info] > git for-each-ref --format=%(refname)%00%(upstream:short)%00%(objectname)%00%(upstream:track)%00%(upstream:remotename)%00%(upstream:remoteref) refs/heads/memory refs/remotes/memory [1ms]
2025-07-03 12:39:59.150 [info] > git status -z -uall [10ms]
2025-07-03 12:39:59.151 [info] > git for-each-ref --sort -committerdate --format %(refname)%00%(objectname)%00%(*objectname) [1ms]
2025-07-03 12:39:59.161 [info] > git merge-base refs/heads/memory refs/remotes/origin/memory [1ms]
2025-07-03 12:39:59.171 [info] > git diff --name-status -z --diff-filter=ADMR 14a5feb8ede06120c16f45a989c3e0112f26bf3b...refs/remotes/origin/memory [2ms]
2025-07-03 12:40:04.182 [info] > git config --get commit.template [10ms]
2025-07-03 12:40:04.183 [info] > git for-each-ref --format=%(refname)%00%(upstream:short)%00%(objectname)%00%(upstream:track)%00%(upstream:remotename)%00%(upstream:remoteref) refs/heads/memory refs/remotes/memory [1ms]
2025-07-03 12:40:04.199 [info] > git status -z -uall [8ms]
2025-07-03 12:40:04.200 [info] > git for-each-ref --sort -committerdate --format %(refname)%00%(objectname)%00%(*objectname) [1ms]
2025-07-03 13:16:54.404 [info] > git config --get commit.template [11ms]
2025-07-03 13:16:54.405 [info] > git for-each-ref --format=%(refname)%00%(upstream:short)%00%(objectname)%00%(upstream:track)%00%(upstream:remotename)%00%(upstream:remoteref) refs/heads/memory refs/remotes/memory [1ms]
2025-07-03 13:16:54.421 [info] > git status -z -uall [8ms]
2025-07-03 13:16:54.422 [info] > git for-each-ref --sort -committerdate --format %(refname)%00%(objectname)%00%(*objectname) [1ms]
2025-07-03 13:16:54.435 [info] > git merge-base refs/heads/memory refs/remotes/origin/memory [2ms]
2025-07-03 13:16:54.442 [info] > git diff --name-status -z --diff-filter=ADMR 7060d5f7fdc0a86b16f0c58cf83348c63c2f10d5...refs/remotes/origin/memory [2ms]
2025-07-03 13:16:59.454 [info] > git config --get commit.template [10ms]
2025-07-03 13:16:59.456 [info] > git for-each-ref --format=%(refname)%00%(upstream:short)%00%(objectname)%00%(upstream:track)%00%(upstream:remotename)%00%(upstream:remoteref) refs/heads/memory refs/remotes/memory [2ms]
2025-07-03 13:16:59.471 [info] > git status -z -uall [7ms]
2025-07-03 13:16:59.473 [info] > git for-each-ref --sort -committerdate --format %(refname)%00%(objectname)%00%(*objectname) [2ms]
2025-07-03 13:18:58.815 [info] > git config --get commit.template [10ms]
2025-07-03 13:18:58.816 [info] > git for-each-ref --format=%(refname)%00%(upstream:short)%00%(objectname)%00%(upstream:track)%00%(upstream:remotename)%00%(upstream:remoteref) refs/heads/memory refs/remotes/memory [1ms]
2025-07-03 13:18:58.832 [info] > git status -z -uall [8ms]
2025-07-03 13:18:58.833 [info] > git for-each-ref --sort -committerdate --format %(refname)%00%(objectname)%00%(*objectname) [1ms]
2025-07-03 13:19:03.857 [info] > git config --get commit.template [11ms]
2025-07-03 13:19:03.857 [info] > git for-each-ref --format=%(refname)%00%(upstream:short)%00%(objectname)%00%(upstream:track)%00%(upstream:remotename)%00%(upstream:remoteref) refs/heads/memory refs/remotes/memory [1ms]
2025-07-03 13:19:03.876 [info] > git status -z -uall [10ms]
2025-07-03 13:19:03.877 [info] > git for-each-ref --sort -committerdate --format %(refname)%00%(objectname)%00%(*objectname) [2ms]
2025-07-03 13:29:57.110 [info] > git config --get commit.template [10ms]
2025-07-03 13:29:57.111 [info] > git for-each-ref --format=%(refname)%00%(upstream:short)%00%(objectname)%00%(upstream:track)%00%(upstream:remotename)%00%(upstream:remoteref) refs/heads/memory refs/remotes/memory [2ms]
2025-07-03 13:29:57.128 [info] > git status -z -uall [9ms]
2025-07-03 13:29:57.129 [info] > git for-each-ref --sort -committerdate --format %(refname)%00%(objectname)%00%(*objectname) [2ms]
2025-07-03 13:29:57.138 [info] > git merge-base refs/heads/memory refs/remotes/origin/memory [1ms]
2025-07-03 13:29:57.146 [info] > git diff --name-status -z --diff-filter=ADMR 7a2e27481ecf48f1e0798687d4ba6035ec0dbe6c...refs/remotes/origin/memory [1ms]
2025-07-03 13:30:02.158 [info] > git config --get commit.template [9ms]
2025-07-03 13:30:02.158 [info] > git for-each-ref --format=%(refname)%00%(upstream:short)%00%(objectname)%00%(upstream:track)%00%(upstream:remotename)%00%(upstream:remoteref) refs/heads/memory refs/remotes/memory [2ms]
2025-07-03 13:30:02.174 [info] > git status -z -uall [9ms]
2025-07-03 13:30:02.176 [info] > git for-each-ref --sort -committerdate --format %(refname)%00%(objectname)%00%(*objectname) [2ms]
2025-07-03 13:39:37.780 [info] > git config --get commit.template [10ms]
2025-07-03 13:39:37.781 [info] > git for-each-ref --format=%(refname)%00%(upstream:short)%00%(objectname)%00%(upstream:track)%00%(upstream:remotename)%00%(upstream:remoteref) refs/heads/memory refs/remotes/memory [1ms]
2025-07-03 13:39:37.797 [info] > git status -z -uall [8ms]
2025-07-03 13:39:37.798 [info] > git for-each-ref --sort -committerdate --format %(refname)%00%(objectname)%00%(*objectname) [1ms]
2025-07-03 13:39:37.809 [info] > git merge-base refs/heads/memory refs/remotes/origin/memory [2ms]
2025-07-03 13:39:37.817 [info] > git diff --name-status -z --diff-filter=ADMR 11b36905a63f95f11cbd711b34b1b46e963b46c7...refs/remotes/origin/memory [1ms]
2025-07-03 13:39:42.828 [info] > git config --get commit.template [11ms]
2025-07-03 13:39:42.829 [info] > git for-each-ref --format=%(refname)%00%(upstream:short)%00%(objectname)%00%(upstream:track)%00%(upstream:remotename)%00%(upstream:remoteref) refs/heads/memory refs/remotes/memory [2ms]
2025-07-03 13:39:42.845 [info] > git status -z -uall [8ms]
2025-07-03 13:39:42.846 [info] > git for-each-ref --sort -committerdate --format %(refname)%00%(objectname)%00%(*objectname) [2ms]
2025-07-03 14:52:52.241 [info] > git config --get commit.template [10ms]
2025-07-03 14:52:52.242 [info] > git for-each-ref --format=%(refname)%00%(upstream:short)%00%(objectname)%00%(upstream:track)%00%(upstream:remotename)%00%(upstream:remoteref) refs/heads/memory refs/remotes/memory [1ms]
2025-07-03 14:52:52.259 [info] > git status -z -uall [8ms]
2025-07-03 14:52:52.260 [info] > git for-each-ref --sort -committerdate --format %(refname)%00%(objectname)%00%(*objectname) [1ms]
2025-07-03 14:52:52.271 [info] > git merge-base refs/heads/memory refs/remotes/origin/memory [2ms]
2025-07-03 14:52:52.280 [info] > git diff --name-status -z --diff-filter=ADMR 11b7ef6f1b7443434d1b7c5a009cd57098c2b4f5...refs/remotes/origin/memory [2ms]
2025-07-03 14:52:57.290 [info] > git config --get commit.template [10ms]
2025-07-03 14:52:57.291 [info] > git for-each-ref --format=%(refname)%00%(upstream:short)%00%(objectname)%00%(upstream:track)%00%(upstream:remotename)%00%(upstream:remoteref) refs/heads/memory refs/remotes/memory [1ms]
2025-07-03 14:52:57.307 [info] > git status -z -uall [8ms]
2025-07-03 14:52:57.308 [info] > git for-each-ref --sort -committerdate --format %(refname)%00%(objectname)%00%(*objectname) [1ms]
