2025-07-02 19:40:58.468 [info] [main] Log level: Info
2025-07-02 19:40:58.468 [info] [main] Validating found git in: "git"
2025-07-02 19:40:58.468 [info] [main] Using git "2.43.0" from "git"
2025-07-02 19:40:58.468 [info] [Model][doInitialScan] Initial repository scan started
2025-07-02 19:40:58.468 [info] > git rev-parse --show-toplevel [10ms]
2025-07-02 19:40:58.468 [info] > git rev-parse --git-dir --git-common-dir [5ms]
2025-07-02 19:40:58.468 [info] [Model][openRepository] Opened repository (path): /home/ffaraazm
2025-07-02 19:40:58.468 [info] [Model][openRepository] Opened repository (real path): /home/ffaraazm
2025-07-02 19:40:58.468 [info] > git config --get commit.template [5ms]
2025-07-02 19:40:58.468 [info] > git for-each-ref --format=%(refname)%00%(upstream:short)%00%(objectname)%00%(upstream:track)%00%(upstream:remotename)%00%(upstream:remoteref) refs/heads/faraaz-bot-removeBigFiles refs/remotes/faraaz-bot-removeBigFiles [2ms]
2025-07-02 19:40:58.468 [warning] [Git][getBranch] No such branch: faraaz-bot-removeBigFiles
2025-07-02 19:40:58.468 [info] > git for-each-ref --sort -committerdate --format %(refname)%00%(objectname)%00%(*objectname) [4ms]
2025-07-02 19:40:58.468 [info] > git rev-parse --show-toplevel [2ms]
2025-07-02 19:40:58.468 [info] > git rev-parse --show-toplevel [1ms]
2025-07-02 19:40:58.468 [info] > git rev-parse --show-toplevel [1ms]
2025-07-02 19:40:58.468 [info] > git rev-parse --show-toplevel [2ms]
2025-07-02 19:40:58.468 [info] > git rev-parse --show-toplevel [1ms]
2025-07-02 19:40:58.468 [info] > git rev-parse --show-toplevel [2ms]
2025-07-02 19:40:58.468 [info] > git rev-parse --show-toplevel [2ms]
2025-07-02 19:40:58.468 [info] > git rev-parse --show-toplevel [1ms]
2025-07-02 19:40:58.468 [info] > git rev-parse --show-toplevel [1ms]
2025-07-02 19:40:58.468 [info] > git rev-parse --show-toplevel [1ms]
2025-07-02 19:40:58.468 [info] > git rev-parse --show-toplevel [1ms]
2025-07-02 19:40:58.468 [info] > git rev-parse --git-dir --git-common-dir [1ms]
2025-07-02 19:40:58.468 [info] [Model][openRepository] Opened repository (path): /home/ffaraazm/product-management-testing
2025-07-02 19:40:58.468 [info] [Model][openRepository] Opened repository (real path): /home/ffaraazm/product-management-testing
2025-07-02 19:40:58.468 [info] > git config --get commit.template [3ms]
2025-07-02 19:40:58.468 [info] > git rev-parse --show-toplevel [4ms]
2025-07-02 19:40:58.468 [info] > git for-each-ref --format=%(refname)%00%(upstream:short)%00%(objectname)%00%(upstream:track)%00%(upstream:remotename)%00%(upstream:remoteref) refs/heads/feature/add-memcpy-folder refs/remotes/feature/add-memcpy-folder [4ms]
2025-07-02 19:40:58.468 [info] > git status -z -uall [4ms]
2025-07-02 19:40:58.468 [info] > git rev-parse --git-dir --git-common-dir [7ms]
2025-07-02 19:40:58.468 [info] [Model][openRepository] Opened repository (path): /home/ffaraazm/rocm-blogs-internal
2025-07-02 19:40:58.468 [info] [Model][openRepository] Opened repository (real path): /home/ffaraazm/rocm-blogs-internal
2025-07-02 19:40:58.468 [info] > git for-each-ref --sort -committerdate --format %(refname)%00%(objectname)%00%(*objectname) [10ms]
2025-07-02 19:40:58.468 [info] > git for-each-ref --format=%(refname)%00%(upstream:short)%00%(objectname)%00%(upstream:track)%00%(upstream:remotename)%00%(upstream:remoteref) refs/heads/feature/add-memcpy-folder refs/remotes/feature/add-memcpy-folder [5ms]
2025-07-02 19:40:58.468 [info] > git rev-parse --show-toplevel [20ms]
2025-07-02 19:40:58.468 [info] > git config --get commit.template [24ms]
2025-07-02 19:40:58.468 [info] > git config --get commit.template [7ms]
2025-07-02 19:40:58.468 [info] > git config --get --local branch.feature/add-memcpy-folder.vscode-merge-base [8ms]
2025-07-02 19:40:58.468 [info] > git for-each-ref --format=%(refname)%00%(upstream:short)%00%(objectname)%00%(upstream:track)%00%(upstream:remotename)%00%(upstream:remoteref) refs/heads/faraaz-bot-removeBigFiles refs/remotes/faraaz-bot-removeBigFiles [6ms]
2025-07-02 19:40:58.468 [info] > git rev-parse --show-toplevel [14ms]
2025-07-02 19:40:58.468 [info] > git status -z -uall [136ms] (cancelled)
2025-07-02 19:40:58.468 [info] > git status -z -uall [14ms]
2025-07-02 19:40:58.468 [info] > git for-each-ref --format=%(refname)%00%(upstream:short)%00%(objectname)%00%(upstream:track)%00%(upstream:remotename)%00%(upstream:remoteref) refs/heads/feature/add-memcpy-folder refs/remotes/feature/add-memcpy-folder [17ms]
2025-07-02 19:40:58.468 [info] > git for-each-ref --format=%(refname)%00%(upstream:short)%00%(objectname)%00%(upstream:track)%00%(upstream:remotename)%00%(upstream:remoteref) refs/heads/origin/memory refs/remotes/origin/memory [20ms]
2025-07-02 19:40:58.468 [info] > git rev-parse --show-toplevel [73ms]
2025-07-02 19:40:58.468 [info] > git for-each-ref --format=%(refname)%00%(upstream:short)%00%(objectname)%00%(upstream:track)%00%(upstream:remotename)%00%(upstream:remoteref) refs/heads/faraaz-bot-removeBigFiles refs/remotes/faraaz-bot-removeBigFiles [12ms]
2025-07-02 19:40:58.468 [warning] [Git][getBranch] No such branch: faraaz-bot-removeBigFiles
2025-07-02 19:40:58.468 [error] [GitHistoryProvider][resolveHEADMergeBase] Failed to resolve merge base for faraaz-bot-removeBigFiles: Error: No such branch: faraaz-bot-removeBigFiles.
2025-07-02 19:40:58.468 [info] > git merge-base refs/heads/feature/add-memcpy-folder refs/remotes/origin/memory [69ms]
2025-07-02 19:40:58.468 [info] > git rev-parse --show-toplevel [5ms]
2025-07-02 19:40:58.468 [info] [Model][doInitialScan] Initial repository scan completed - repositories (3), closed repositories (0), parent repositories (0), unsafe repositories (0)
2025-07-02 19:40:58.468 [info] > git config --get commit.template [9ms]
2025-07-02 19:40:58.468 [info] > git status -z -uall [7ms]
2025-07-02 19:40:58.468 [info] > git diff --name-status -z --diff-filter=ADMR c586a262536568680a7e76ed70265aa6102e7fac...refs/remotes/origin/memory [12ms]
2025-07-02 19:40:58.468 [info] > git for-each-ref --sort -committerdate --format %(refname)%00%(objectname)%00%(*objectname) [10ms]
2025-07-02 19:40:58.468 [info] > git for-each-ref --sort -committerdate --format %(refname)%00%(objectname)%00%(*objectname) [109ms]
2025-07-02 19:40:58.468 [info] > git for-each-ref --format=%(refname)%00%(upstream:short)%00%(objectname)%00%(upstream:track)%00%(upstream:remotename)%00%(upstream:remoteref) refs/heads/faraaz-bot-removeBigFiles refs/remotes/faraaz-bot-removeBigFiles [16ms]
2025-07-02 19:40:58.468 [warning] [Git][getBranch] No such branch: faraaz-bot-removeBigFiles
2025-07-02 19:40:58.468 [info] > git config --get commit.template [7ms]
2025-07-02 19:40:58.468 [info] > git for-each-ref --format=%(refname)%00%(upstream:short)%00%(objectname)%00%(upstream:track)%00%(upstream:remotename)%00%(upstream:remoteref) refs/heads/faraaz-bot-removeBigFiles refs/remotes/faraaz-bot-removeBigFiles [10ms]
2025-07-02 19:40:58.468 [info] > git for-each-ref --sort -committerdate --format %(refname)%00%(objectname)%00%(*objectname) [5ms]
2025-07-02 19:40:59.071 [info] > git for-each-ref --format=%(refname)%00%(upstream:short)%00%(objectname)%00%(upstream:track)%00%(upstream:remotename)%00%(upstream:remoteref) refs/heads/faraaz-bot-removeBigFiles refs/remotes/faraaz-bot-removeBigFiles [603ms]
2025-07-02 19:40:59.079 [info] > git config --get --local branch.faraaz-bot-removeBigFiles.vscode-merge-base [615ms]
2025-07-02 19:40:59.090 [info] > git status -z -uall [634ms] (cancelled)
2025-07-02 19:40:59.090 [info] > git status -z -uall [15ms]
2025-07-02 19:40:59.090 [info] > git for-each-ref --format=%(refname)%00%(upstream:short)%00%(objectname)%00%(upstream:track)%00%(upstream:remotename)%00%(upstream:remoteref) refs/heads/origin/develop refs/remotes/origin/develop [7ms]
2025-07-02 19:40:59.091 [warning] [Git][getBranch] No such branch: origin/develop
2025-07-02 19:40:59.134 [info] > git reflog faraaz-bot-removeBigFiles --grep-reflog=branch: Created from *. [39ms]
2025-07-02 19:40:59.140 [info] > git symbolic-ref --short refs/remotes/origin/HEAD [2ms]
2025-07-02 19:40:59.140 [info] fatal: ref refs/remotes/origin/HEAD is not a symbolic ref
2025-07-02 19:40:59.140 [warning] [Repository][getDefaultBranch] Failed to get default branch details: Failed to execute git.
2025-07-02 19:40:59.141 [info] > git for-each-ref --sort -committerdate --format %(refname)%00%(objectname)%00%(*objectname) [62ms]
2025-07-02 19:40:59.795 [info] > git check-ignore -v -z --stdin [15ms]
2025-07-02 19:40:59.795 [info] > git check-ignore -v -z --stdin [10ms]
2025-07-02 19:40:59.796 [info] > git check-ignore -v -z --stdin [4ms]
2025-07-02 19:41:26.396 [info] > git check-ignore -v -z --stdin [1ms]
