2025-06-26 13:56:14.258 [info] [main] Log level: Info
2025-06-26 13:56:14.258 [info] [main] Validating found git in: "git"
2025-06-26 13:56:14.258 [info] [main] Using git "2.43.0" from "git"
2025-06-26 13:56:14.258 [info] [Model][doInitialScan] Initial repository scan started
2025-06-26 13:56:14.258 [info] > git rev-parse --show-toplevel [18ms]
2025-06-26 13:56:14.258 [info] > git rev-parse --git-dir --git-common-dir [1ms]
2025-06-26 13:56:14.258 [info] [Model][openRepository] Opened repository (path): /home/ffaraazm/rocFFT-misc
2025-06-26 13:56:14.258 [info] [Model][openRepository] Opened repository (real path): /home/ffaraazm/rocFFT-misc
2025-06-26 13:56:14.258 [info] > git config --get commit.template [4ms]
2025-06-26 13:56:14.262 [info] > git for-each-ref --format=%(refname)%00%(upstream:short)%00%(objectname)%00%(upstream:track)%00%(upstream:remotename)%00%(upstream:remoteref) refs/heads/membench refs/remotes/membench [4ms]
2025-06-26 13:56:14.263 [info] > git rev-parse --show-toplevel [2ms]
2025-06-26 13:56:14.266 [warning] [Git][revParse] Unable to read file: ENOENT: no such file or directory, open '/home/ffaraazm/rocFFT-misc/.git/refs/remotes/origin/membench'
2025-06-26 13:56:14.268 [info] > git rev-parse refs/remotes/origin/membench [3ms]
2025-06-26 13:56:14.276 [info] > git rev-parse --show-toplevel [7ms]
2025-06-26 13:56:14.279 [info] > git for-each-ref --sort -committerdate --format %(refname)%00%(objectname)%00%(*objectname) [4ms]
2025-06-26 13:56:14.280 [info] > git rev-parse --show-toplevel [1ms]
2025-06-26 13:56:14.285 [info] > git rev-parse --show-toplevel [2ms]
2025-06-26 13:56:14.307 [info] > git rev-parse --show-toplevel [19ms]
2025-06-26 13:56:14.311 [info] > git rev-parse --show-toplevel [1ms]
2025-06-26 13:56:14.316 [info] > git rev-parse --show-toplevel [2ms]
2025-06-26 13:56:14.320 [info] > git rev-parse --show-toplevel [1ms]
2025-06-26 13:56:14.325 [info] > git rev-parse --show-toplevel [1ms]
2025-06-26 13:56:14.329 [info] > git rev-parse --show-toplevel [1ms]
2025-06-26 13:56:14.332 [info] > git rev-parse --show-toplevel [1ms]
2025-06-26 13:56:14.335 [info] [Model][doInitialScan] Initial repository scan completed - repositories (1), closed repositories (0), parent repositories (0), unsafe repositories (0)
2025-06-26 13:56:14.362 [info] > git status -z -uall [90ms]
2025-06-26 13:56:14.393 [info] > git for-each-ref --format=%(refname)%00%(upstream:short)%00%(objectname)%00%(upstream:track)%00%(upstream:remotename)%00%(upstream:remoteref) refs/heads/membench refs/remotes/membench [5ms]
2025-06-26 13:56:14.397 [info] > git config --get commit.template [4ms]
2025-06-26 13:56:14.400 [info] > git config --get --local branch.membench.vscode-merge-base [3ms]
2025-06-26 13:56:14.400 [warning] [Git][config] git config failed: Failed to execute git
2025-06-26 13:56:14.404 [info] > git for-each-ref --format=%(refname)%00%(upstream:short)%00%(objectname)%00%(upstream:track)%00%(upstream:remotename)%00%(upstream:remoteref) refs/heads/membench refs/remotes/membench [4ms]
2025-06-26 13:56:14.407 [warning] [Git][revParse] Unable to read file: ENOENT: no such file or directory, open '/home/ffaraazm/rocFFT-misc/.git/refs/remotes/origin/membench'
2025-06-26 13:56:14.408 [info] > git reflog membench --grep-reflog=branch: Created from *. [4ms]
2025-06-26 13:56:14.411 [info] > git rev-parse refs/remotes/origin/membench [4ms]
2025-06-26 13:56:14.418 [info] > git symbolic-ref --short refs/remotes/origin/HEAD [7ms]
2025-06-26 13:56:14.422 [info] > git for-each-ref --sort -committerdate --format %(refname)%00%(objectname)%00%(*objectname) [4ms]
2025-06-26 13:56:14.422 [info] > git for-each-ref --format=%(refname)%00%(upstream:short)%00%(objectname)%00%(upstream:track)%00%(upstream:remotename)%00%(upstream:remoteref) refs/heads/origin/master refs/remotes/origin/master [1ms]
2025-06-26 13:56:14.427 [info] > git config --add --local branch.membench.vscode-merge-base origin/master [1ms]
2025-06-26 13:56:14.434 [info] > git status -z -uall [20ms] (cancelled)
2025-06-26 13:56:14.434 [info] > git for-each-ref --format=%(refname)%00%(upstream:short)%00%(objectname)%00%(upstream:track)%00%(upstream:remotename)%00%(upstream:remoteref) refs/heads/membench refs/remotes/membench [4ms]
2025-06-26 13:56:14.438 [info] > git config --get commit.template [4ms]
2025-06-26 13:56:14.442 [info] > git config --get --local branch.membench.vscode-merge-base [4ms]
2025-06-26 13:56:14.445 [info] > git for-each-ref --format=%(refname)%00%(upstream:short)%00%(objectname)%00%(upstream:track)%00%(upstream:remotename)%00%(upstream:remoteref) refs/heads/membench refs/remotes/membench [4ms]
2025-06-26 13:56:14.448 [warning] [Git][revParse] Unable to read file: ENOENT: no such file or directory, open '/home/ffaraazm/rocFFT-misc/.git/refs/remotes/origin/membench'
2025-06-26 13:56:14.449 [info] > git for-each-ref --format=%(refname)%00%(upstream:short)%00%(objectname)%00%(upstream:track)%00%(upstream:remotename)%00%(upstream:remoteref) refs/heads/origin/master refs/remotes/origin/master [4ms]
2025-06-26 13:56:14.454 [info] > git rev-parse refs/remotes/origin/membench [6ms]
2025-06-26 13:56:14.460 [info] > git merge-base refs/heads/membench refs/remotes/origin/membench [7ms]
2025-06-26 13:56:14.463 [info] > git for-each-ref --sort -committerdate --format %(refname)%00%(objectname)%00%(*objectname) [3ms]
2025-06-26 13:56:14.464 [info] > git diff --name-status -z --diff-filter=ADMR 21e88381b3d13837988d9fd2197c756bd67a9802...refs/remotes/origin/membench [1ms]
2025-06-26 13:56:14.548 [info] > git status -z -uall [91ms]
2025-06-26 13:56:14.798 [info] > git check-ignore -v -z --stdin [2ms]
2025-06-26 13:56:15.849 [info] > git check-ignore -v -z --stdin [2ms]
2025-06-26 13:56:17.185 [info] > git check-ignore -v -z --stdin [2ms]
2025-06-26 13:56:19.772 [info] > git check-ignore -v -z --stdin [1ms]
2025-06-26 13:58:42.230 [info] > git config --get commit.template [4ms]
2025-06-26 13:58:42.231 [info] > git for-each-ref --format=%(refname)%00%(upstream:short)%00%(objectname)%00%(upstream:track)%00%(upstream:remotename)%00%(upstream:remoteref) refs/heads/membench refs/remotes/membench [2ms]
2025-06-26 13:58:42.234 [warning] [Git][revParse] Unable to read file: ENOENT: no such file or directory, open '/home/ffaraazm/rocFFT-misc/.git/refs/remotes/origin/membench'
2025-06-26 13:58:42.235 [info] > git rev-parse refs/remotes/origin/membench [1ms]
2025-06-26 13:58:42.243 [info] > git for-each-ref --sort -committerdate --format %(refname)%00%(objectname)%00%(*objectname) [1ms]
2025-06-26 13:58:42.326 [info] > git status -z -uall [87ms]
2025-06-26 13:58:57.281 [info] > git config --get commit.template [4ms]
2025-06-26 13:58:57.282 [info] > git for-each-ref --format=%(refname)%00%(upstream:short)%00%(objectname)%00%(upstream:track)%00%(upstream:remotename)%00%(upstream:remoteref) refs/heads/membench refs/remotes/membench [1ms]
2025-06-26 13:58:57.286 [warning] [Git][revParse] Unable to read file: ENOENT: no such file or directory, open '/home/ffaraazm/rocFFT-misc/.git/refs/remotes/origin/membench'
2025-06-26 13:58:57.287 [info] > git rev-parse refs/remotes/origin/membench [1ms]
2025-06-26 13:58:57.294 [info] > git for-each-ref --sort -committerdate --format %(refname)%00%(objectname)%00%(*objectname) [2ms]
2025-06-26 13:58:57.384 [info] > git status -z -uall [95ms]
2025-06-26 13:59:02.395 [info] > git config --get commit.template [4ms]
2025-06-26 13:59:02.397 [info] > git for-each-ref --format=%(refname)%00%(upstream:short)%00%(objectname)%00%(upstream:track)%00%(upstream:remotename)%00%(upstream:remoteref) refs/heads/membench refs/remotes/membench [2ms]
2025-06-26 13:59:02.400 [warning] [Git][revParse] Unable to read file: ENOENT: no such file or directory, open '/home/ffaraazm/rocFFT-misc/.git/refs/remotes/origin/membench'
2025-06-26 13:59:02.401 [info] > git rev-parse refs/remotes/origin/membench [1ms]
2025-06-26 13:59:02.409 [info] > git for-each-ref --sort -committerdate --format %(refname)%00%(objectname)%00%(*objectname) [1ms]
2025-06-26 13:59:02.492 [info] > git status -z -uall [87ms]
2025-06-26 13:59:07.501 [info] > git config --get commit.template [4ms]
2025-06-26 13:59:07.503 [info] > git for-each-ref --format=%(refname)%00%(upstream:short)%00%(objectname)%00%(upstream:track)%00%(upstream:remotename)%00%(upstream:remoteref) refs/heads/membench refs/remotes/membench [2ms]
2025-06-26 13:59:07.506 [warning] [Git][revParse] Unable to read file: ENOENT: no such file or directory, open '/home/ffaraazm/rocFFT-misc/.git/refs/remotes/origin/membench'
2025-06-26 13:59:07.507 [info] > git rev-parse refs/remotes/origin/membench [1ms]
2025-06-26 13:59:07.515 [info] > git for-each-ref --sort -committerdate --format %(refname)%00%(objectname)%00%(*objectname) [1ms]
2025-06-26 13:59:07.598 [info] > git status -z -uall [87ms]
2025-06-26 13:59:48.782 [info] > git check-ignore -v -z --stdin [1ms]
2025-06-26 13:59:51.200 [info] > git check-ignore -v -z --stdin [2ms]
2025-06-26 13:59:58.799 [info] > git check-ignore -v -z --stdin [1ms]
2025-06-26 14:00:05.221 [info] > git check-ignore -v -z --stdin [2ms]
2025-06-26 14:00:15.951 [info] > git show --textconv :benchs/memcpy/build/CMakeCache.txt [4ms]
2025-06-26 14:00:15.956 [info] > git ls-files --stage -- benchs/memcpy/build/CMakeCache.txt [5ms]
2025-06-26 14:00:15.960 [info] > git hash-object -t tree /dev/null [5ms]
2025-06-26 14:00:15.960 [warning] [GitFileSystemProvider][readFile] File not found - git:/home/ffaraazm/rocFFT-misc/benchs/memcpy/build/CMakeCache.txt.git?%7B%22path%22%3A%22%2Fhome%2Fffaraazm%2FrocFFT-misc%2Fbenchs%2Fmemcpy%2Fbuild%2FCMakeCache.txt%22%2C%22ref%22%3A%22%22%7D
2025-06-26 14:00:15.961 [info] > git hash-object -t tree /dev/null [1ms]
2025-06-26 14:00:15.961 [warning] [GitFileSystemProvider][stat] File not found - git:/home/ffaraazm/rocFFT-misc/benchs/memcpy/build/CMakeCache.txt.git?%7B%22path%22%3A%22%2Fhome%2Fffaraazm%2FrocFFT-misc%2Fbenchs%2Fmemcpy%2Fbuild%2FCMakeCache.txt%22%2C%22ref%22%3A%22%22%7D
2025-06-26 14:00:43.336 [info] > git check-ignore -v -z --stdin [1ms]
2025-06-26 14:00:44.532 [info] > git check-ignore -v -z --stdin [1ms]
2025-06-26 14:00:45.409 [info] > git check-ignore -v -z --stdin [1ms]
2025-06-26 14:00:45.452 [info] > git config --get commit.template [3ms]
2025-06-26 14:00:45.453 [info] > git for-each-ref --format=%(refname)%00%(upstream:short)%00%(objectname)%00%(upstream:track)%00%(upstream:remotename)%00%(upstream:remoteref) refs/heads/membench refs/remotes/membench [2ms]
2025-06-26 14:00:45.456 [warning] [Git][revParse] Unable to read file: ENOENT: no such file or directory, open '/home/ffaraazm/rocFFT-misc/.git/refs/remotes/origin/membench'
2025-06-26 14:00:45.457 [info] > git rev-parse refs/remotes/origin/membench [1ms]
2025-06-26 14:00:45.463 [info] > git for-each-ref --sort -committerdate --format %(refname)%00%(objectname)%00%(*objectname) [1ms]
2025-06-26 14:00:45.548 [info] > git status -z -uall [89ms]
2025-06-26 14:00:47.641 [info] > git check-ignore -v -z --stdin [2ms]
2025-06-26 14:00:50.208 [info] > git check-ignore -v -z --stdin [1ms]
2025-06-26 14:00:50.559 [info] > git config --get commit.template [5ms]
2025-06-26 14:00:50.560 [info] > git for-each-ref --format=%(refname)%00%(upstream:short)%00%(objectname)%00%(upstream:track)%00%(upstream:remotename)%00%(upstream:remoteref) refs/heads/membench refs/remotes/membench [2ms]
2025-06-26 14:00:50.563 [warning] [Git][revParse] Unable to read file: ENOENT: no such file or directory, open '/home/ffaraazm/rocFFT-misc/.git/refs/remotes/origin/membench'
2025-06-26 14:00:50.565 [info] > git rev-parse refs/remotes/origin/membench [2ms]
2025-06-26 14:00:50.573 [info] > git for-each-ref --sort -committerdate --format %(refname)%00%(objectname)%00%(*objectname) [2ms]
2025-06-26 14:00:50.658 [info] > git status -z -uall [90ms]
2025-06-26 14:01:17.055 [info] > git show --textconv :benchs/memcpy/main.cpp [3ms]
2025-06-26 14:01:17.057 [info] > git ls-files --stage -- benchs/memcpy/main.cpp [2ms]
2025-06-26 14:01:17.061 [info] > git cat-file -s a6a31ed6a80a1d1ac35ae16050de05c38dc30797 [1ms]
2025-06-26 14:01:28.388 [info] > git blame --root --incremental 21e88381b3d13837988d9fd2197c756bd67a9802 -- benchs/memcpy/main.cpp [9ms]
2025-06-26 14:03:41.858 [info] > git config --get commit.template [5ms]
2025-06-26 14:03:41.859 [info] > git for-each-ref --format=%(refname)%00%(upstream:short)%00%(objectname)%00%(upstream:track)%00%(upstream:remotename)%00%(upstream:remoteref) refs/heads/membench refs/remotes/membench [2ms]
2025-06-26 14:03:41.863 [warning] [Git][revParse] Unable to read file: ENOENT: no such file or directory, open '/home/ffaraazm/rocFFT-misc/.git/refs/remotes/origin/membench'
2025-06-26 14:03:41.864 [info] > git rev-parse refs/remotes/origin/membench [1ms]
2025-06-26 14:03:41.872 [info] > git for-each-ref --sort -committerdate --format %(refname)%00%(objectname)%00%(*objectname) [1ms]
2025-06-26 14:03:41.952 [info] > git status -z -uall [85ms]
2025-06-26 14:03:46.964 [info] > git config --get commit.template [4ms]
2025-06-26 14:03:46.965 [info] > git for-each-ref --format=%(refname)%00%(upstream:short)%00%(objectname)%00%(upstream:track)%00%(upstream:remotename)%00%(upstream:remoteref) refs/heads/membench refs/remotes/membench [1ms]
2025-06-26 14:03:46.968 [warning] [Git][revParse] Unable to read file: ENOENT: no such file or directory, open '/home/ffaraazm/rocFFT-misc/.git/refs/remotes/origin/membench'
2025-06-26 14:03:46.970 [info] > git rev-parse refs/remotes/origin/membench [2ms]
2025-06-26 14:03:46.978 [info] > git for-each-ref --sort -committerdate --format %(refname)%00%(objectname)%00%(*objectname) [2ms]
2025-06-26 14:03:47.057 [info] > git status -z -uall [84ms]
2025-06-26 14:05:29.498 [info] > git check-ignore -v -z --stdin [2ms]
