2025-07-02 14:56:27.111 [info] [main] Log level: Info
2025-07-02 14:56:27.112 [info] [main] Validating found git in: "git"
2025-07-02 14:56:27.112 [info] [main] Using git "2.43.0" from "git"
2025-07-02 14:56:27.112 [info] [Model][doInitialScan] Initial repository scan started
2025-07-02 14:56:27.112 [info] > git rev-parse --show-toplevel [16ms]
2025-07-02 14:56:27.112 [info] > git rev-parse --git-dir --git-common-dir [2ms]
2025-07-02 14:56:27.112 [info] [Model][openRepository] Opened repository (path): /home/ffaraazm
2025-07-02 14:56:27.112 [info] [Model][openRepository] Opened repository (real path): /home/ffaraazm
2025-07-02 14:56:27.112 [info] > git config --get commit.template [4ms]
2025-07-02 14:56:27.113 [info] > git for-each-ref --format=%(refname)%00%(upstream:short)%00%(objectname)%00%(upstream:track)%00%(upstream:remotename)%00%(upstream:remoteref) refs/heads/faraaz-bot-removeBigFiles refs/remotes/faraaz-bot-removeBigFiles [2ms]
2025-07-02 14:56:27.113 [warning] [Git][getBranch] No such branch: faraaz-bot-removeBigFiles
2025-07-02 14:56:27.141 [info] > git for-each-ref --sort -committerdate --format %(refname)%00%(objectname)%00%(*objectname) [20ms]
2025-07-02 14:56:27.149 [info] > git rev-parse --show-toplevel [2ms]
2025-07-02 14:56:27.154 [info] > git rev-parse --show-toplevel [1ms]
2025-07-02 14:56:27.158 [info] > git rev-parse --show-toplevel [2ms]
2025-07-02 14:56:27.161 [info] > git rev-parse --show-toplevel [1ms]
2025-07-02 14:56:27.165 [info] > git rev-parse --show-toplevel [1ms]
2025-07-02 14:56:27.169 [info] > git rev-parse --show-toplevel [1ms]
2025-07-02 14:56:27.173 [info] > git rev-parse --show-toplevel [1ms]
2025-07-02 14:56:27.177 [info] > git rev-parse --show-toplevel [2ms]
2025-07-02 14:56:27.181 [info] > git rev-parse --show-toplevel [1ms]
2025-07-02 14:56:27.185 [info] > git rev-parse --show-toplevel [1ms]
2025-07-02 14:56:27.189 [info] > git rev-parse --show-toplevel [1ms]
2025-07-02 14:56:27.193 [info] > git rev-parse --git-dir --git-common-dir [1ms]
2025-07-02 14:56:27.196 [info] [Model][openRepository] Opened repository (path): /home/ffaraazm/product-management-testing
2025-07-02 14:56:27.196 [info] [Model][openRepository] Opened repository (real path): /home/ffaraazm/product-management-testing
2025-07-02 14:56:27.203 [info] > git config --get commit.template [3ms]
2025-07-02 14:56:27.206 [info] > git rev-parse --show-toplevel [4ms]
2025-07-02 14:56:27.210 [info] > git for-each-ref --format=%(refname)%00%(upstream:short)%00%(objectname)%00%(upstream:track)%00%(upstream:remotename)%00%(upstream:remoteref) refs/heads/feature/add-memcpy-folder refs/remotes/feature/add-memcpy-folder [4ms]
2025-07-02 14:56:27.214 [warning] [Git][revParse] Unable to read file: ENOENT: no such file or directory, open '/home/ffaraazm/product-management-testing/.git/refs/remotes/origin/memory'
2025-07-02 14:56:27.214 [info] > git rev-parse --git-dir --git-common-dir [4ms]
2025-07-02 14:56:27.217 [info] [Model][openRepository] Opened repository (path): /home/ffaraazm/rocFFT-misc
2025-07-02 14:56:27.217 [info] [Model][openRepository] Opened repository (real path): /home/ffaraazm/rocFFT-misc
2025-07-02 14:56:27.224 [info] > git rev-parse refs/remotes/origin/memory [10ms]
2025-07-02 14:56:27.231 [info] > git status -z -uall [4ms]
2025-07-02 14:56:27.231 [info] > git rev-parse --show-toplevel [7ms]
2025-07-02 14:56:27.231 [info] > git config --get commit.template [10ms]
2025-07-02 14:56:27.238 [info] > git for-each-ref --sort -committerdate --format %(refname)%00%(objectname)%00%(*objectname) [7ms]
2025-07-02 14:56:27.260 [info] > git for-each-ref --format=%(refname)%00%(upstream:short)%00%(objectname)%00%(upstream:track)%00%(upstream:remotename)%00%(upstream:remoteref) refs/heads/feature/add-memcpy-folder refs/remotes/feature/add-memcpy-folder [9ms]
2025-07-02 14:56:27.264 [info] > git for-each-ref --format=%(refname)%00%(upstream:short)%00%(objectname)%00%(upstream:track)%00%(upstream:remotename)%00%(upstream:remoteref) refs/heads/rocm refs/remotes/rocm [26ms]
2025-07-02 14:56:27.264 [info] > git rev-parse --git-dir --git-common-dir [29ms]
2025-07-02 14:56:27.267 [info] [Model][openRepository] Opened repository (path): /home/ffaraazm/rocm-blogs-internal
2025-07-02 14:56:27.267 [info] [Model][openRepository] Opened repository (real path): /home/ffaraazm/rocm-blogs-internal
2025-07-02 14:56:27.280 [info] > git status -z -uall [163ms] (cancelled)
2025-07-02 14:56:27.280 [info] > git config --get --local branch.feature/add-memcpy-folder.vscode-merge-base [16ms]
2025-07-02 14:56:27.280 [warning] [Git][config] git config failed: Failed to execute git
2025-07-02 14:56:27.283 [info] > git config --get commit.template [27ms]
2025-07-02 14:56:27.369 [info] > git rev-parse --show-toplevel [95ms]
2025-07-02 14:56:27.369 [info] > git config --get commit.template [99ms]
2025-07-02 14:56:27.380 [info] > git for-each-ref --format=%(refname)%00%(upstream:short)%00%(objectname)%00%(upstream:track)%00%(upstream:remotename)%00%(upstream:remoteref) refs/heads/faraaz-bot-removeBigFiles refs/remotes/faraaz-bot-removeBigFiles [15ms]
2025-07-02 14:56:27.380 [warning] [Git][getBranch] No such branch: faraaz-bot-removeBigFiles
2025-07-02 14:56:27.381 [error] [GitHistoryProvider][resolveHEADMergeBase] Failed to resolve merge base for faraaz-bot-removeBigFiles: Error: No such branch: faraaz-bot-removeBigFiles.
2025-07-02 14:56:27.381 [info] > git reflog feature/add-memcpy-folder --grep-reflog=branch: Created from *. [98ms]
2025-07-02 14:56:27.394 [info] > git status -z -uall [7ms]
2025-07-02 14:56:27.395 [info] > git rev-parse --show-toplevel [14ms]
2025-07-02 14:56:27.395 [info] > git config --get commit.template [18ms]
2025-07-02 14:56:27.395 [info] > git for-each-ref --format=%(refname)%00%(upstream:short)%00%(objectname)%00%(upstream:track)%00%(upstream:remotename)%00%(upstream:remoteref) refs/heads/feature/add-memcpy-folder refs/remotes/feature/add-memcpy-folder [22ms]
2025-07-02 14:56:27.401 [warning] [Git][revParse] Unable to read file: ENOENT: no such file or directory, open '/home/ffaraazm/product-management-testing/.git/refs/remotes/origin/memory'
2025-07-02 14:56:27.402 [info] > git for-each-ref --sort -committerdate --format %(refname)%00%(objectname)%00%(*objectname) [11ms]
2025-07-02 14:56:27.417 [info] > git for-each-ref --format=%(refname)%00%(upstream:short)%00%(objectname)%00%(upstream:track)%00%(upstream:remotename)%00%(upstream:remoteref) refs/heads/origin/memory refs/remotes/origin/memory [33ms]
2025-07-02 14:56:28.046 [info] > git config --add --local branch.feature/add-memcpy-folder.vscode-merge-base origin/memory [627ms]
2025-07-02 14:56:28.046 [info] > git for-each-ref --format=%(refname)%00%(upstream:short)%00%(objectname)%00%(upstream:track)%00%(upstream:remotename)%00%(upstream:remoteref) refs/heads/rocm refs/remotes/rocm [630ms]
2025-07-02 14:56:28.050 [info] > git rev-parse refs/remotes/origin/memory [649ms]
2025-07-02 14:56:28.057 [info] > git rev-parse --show-toplevel [659ms]
2025-07-02 14:56:28.057 [info] > git for-each-ref --format=%(refname)%00%(upstream:short)%00%(objectname)%00%(upstream:track)%00%(upstream:remotename)%00%(upstream:remoteref) refs/heads/faraaz-bot-removeBigFiles refs/remotes/faraaz-bot-removeBigFiles [663ms]
2025-07-02 14:56:28.167 [info] > git status -z -uall [106ms]
2025-07-02 14:56:28.167 [info] > git check-ignore -v -z --stdin [64ms]
2025-07-02 14:56:28.169 [info] > git check-ignore -v -z --stdin [38ms]
2025-07-02 14:56:28.169 [info] > git check-ignore -v -z --stdin [34ms]
2025-07-02 14:56:28.169 [info] > git check-ignore -v -z --stdin [29ms]
2025-07-02 14:56:28.169 [info] > git for-each-ref --format=%(refname)%00%(upstream:short)%00%(objectname)%00%(upstream:track)%00%(upstream:remotename)%00%(upstream:remoteref) refs/heads/feature/add-memcpy-folder refs/remotes/feature/add-memcpy-folder [113ms]
2025-07-02 14:56:28.174 [info] > git config --get --local branch.rocm.vscode-merge-base [124ms]
2025-07-02 14:56:28.174 [warning] [Git][config] git config failed: Failed to execute git
2025-07-02 14:56:28.179 [info] > git config --get commit.template [147ms]
2025-07-02 14:56:28.179 [info] > git for-each-ref --format=%(refname)%00%(upstream:short)%00%(objectname)%00%(upstream:track)%00%(upstream:remotename)%00%(upstream:remoteref) refs/heads/faraaz-bot-removeBigFiles refs/remotes/faraaz-bot-removeBigFiles [152ms]
2025-07-02 14:56:28.179 [warning] [Git][getBranch] No such branch: faraaz-bot-removeBigFiles
2025-07-02 14:56:28.211 [info] > git reflog rocm --grep-reflog=branch: Created from *. [32ms]
2025-07-02 14:56:28.216 [info] > git config --get --local branch.feature/add-memcpy-folder.vscode-merge-base [42ms]
2025-07-02 14:56:28.221 [info] > git rev-parse --show-toplevel [66ms]
2025-07-02 14:56:28.222 [info] [Model][doInitialScan] Initial repository scan completed - repositories (4), closed repositories (0), parent repositories (0), unsafe repositories (0)
2025-07-02 14:56:28.222 [info] > git config --get commit.template [72ms]
2025-07-02 14:56:28.233 [info] > git for-each-ref --format=%(refname)%00%(upstream:short)%00%(objectname)%00%(upstream:track)%00%(upstream:remotename)%00%(upstream:remoteref) refs/heads/origin/memory refs/remotes/origin/memory [12ms]
2025-07-02 14:56:28.236 [info] > git reflog HEAD --grep-reflog=checkout: moving from .* to rocm [20ms]
2025-07-02 14:56:28.241 [info] > git for-each-ref --sort -committerdate --format %(refname)%00%(objectname)%00%(*objectname) [51ms]
2025-07-02 14:56:28.241 [info] > git for-each-ref --sort -committerdate --format %(refname)%00%(objectname)%00%(*objectname) [176ms]
2025-07-02 14:56:28.267 [info] > git for-each-ref --format=%(refname)%00%(upstream:short)%00%(objectname)%00%(upstream:track)%00%(upstream:remotename)%00%(upstream:remoteref) refs/heads/faraaz-bot-removeBigFiles refs/remotes/faraaz-bot-removeBigFiles [18ms]
2025-07-02 14:56:28.271 [info] > git for-each-ref --format=%(refname)%00%(upstream:short)%00%(objectname)%00%(upstream:track)%00%(upstream:remotename)%00%(upstream:remoteref) refs/heads/memory-testing refs/remotes/memory-testing [31ms]
2025-07-02 14:56:28.275 [info] > git merge-base refs/heads/feature/add-memcpy-folder refs/remotes/origin/memory [39ms]
2025-07-02 14:56:28.280 [info] > git for-each-ref --format=%(refname)%00%(upstream:short)%00%(objectname)%00%(upstream:track)%00%(upstream:remotename)%00%(upstream:remoteref) refs/heads/rocm refs/remotes/rocm [53ms]
2025-07-02 14:56:28.298 [info] > git for-each-ref --format=%(refname)%00%(upstream:short)%00%(objectname)%00%(upstream:track)%00%(upstream:remotename)%00%(upstream:remoteref) refs/remotes/origin/memory-testing [23ms]
2025-07-02 14:56:28.303 [info] > git config --get --local branch.faraaz-bot-removeBigFiles.vscode-merge-base [33ms]
2025-07-02 14:56:28.308 [info] > git config --get commit.template [48ms]
2025-07-02 14:56:28.308 [info] > git for-each-ref --format=%(refname)%00%(upstream:short)%00%(objectname)%00%(upstream:track)%00%(upstream:remotename)%00%(upstream:remoteref) refs/heads/feature/add-memcpy-folder refs/remotes/feature/add-memcpy-folder [53ms]
2025-07-02 14:56:28.452 [warning] [Git][revParse] Unable to read file: ENOENT: no such file or directory, open '/home/ffaraazm/product-management-testing/.git/refs/remotes/origin/memory'
2025-07-02 14:56:28.460 [info] > git for-each-ref --format=%(refname)%00%(upstream:short)%00%(objectname)%00%(upstream:track)%00%(upstream:remotename)%00%(upstream:remoteref) refs/heads/origin/develop refs/remotes/origin/develop [153ms]
2025-07-02 14:56:28.460 [warning] [Git][getBranch] No such branch: origin/develop
2025-07-02 14:56:28.465 [info] > git config --add --local branch.rocm.vscode-merge-base origin/memory-testing [162ms]
2025-07-02 14:56:28.465 [info] > git diff --name-status -z --diff-filter=ADMR 0e3a8643863c2f9849b89bd81ce3c532fbecb689...refs/remotes/origin/memory [185ms]
2025-07-02 14:56:28.484 [info] > git rev-parse refs/remotes/origin/memory [32ms]
2025-07-02 14:56:28.507 [info] > git status -z -uall [323ms] (cancelled)
2025-07-02 14:56:28.507 [info] > git status -z -uall [18ms]
2025-07-02 14:56:28.507 [info] > git config --get commit.template [32ms]
2025-07-02 14:56:28.507 [info] > git for-each-ref --format=%(refname)%00%(upstream:short)%00%(objectname)%00%(upstream:track)%00%(upstream:remotename)%00%(upstream:remoteref) refs/heads/faraaz-bot-removeBigFiles refs/remotes/faraaz-bot-removeBigFiles [37ms]
2025-07-02 14:56:28.517 [info] > git reflog faraaz-bot-removeBigFiles --grep-reflog=branch: Created from *. [53ms]
2025-07-02 14:56:28.571 [info] > git for-each-ref --format=%(refname)%00%(upstream:short)%00%(objectname)%00%(upstream:track)%00%(upstream:remotename)%00%(upstream:remoteref) refs/heads/rocm refs/remotes/rocm [71ms]
2025-07-02 14:56:28.577 [info] > git for-each-ref --sort -committerdate --format %(refname)%00%(objectname)%00%(*objectname) [83ms]
2025-07-02 14:56:28.594 [info] > git status -z -uall [82ms]
2025-07-02 14:56:28.594 [info] > git config --get --local branch.rocm.vscode-merge-base [17ms]
2025-07-02 14:56:28.599 [info] > git symbolic-ref --short refs/remotes/origin/HEAD [79ms]
2025-07-02 14:56:28.599 [info] fatal: ref refs/remotes/origin/HEAD is not a symbolic ref
2025-07-02 14:56:28.599 [warning] [Repository][getDefaultBranch] Failed to get default branch details: Failed to execute git.
2025-07-02 14:56:28.602 [info] > git for-each-ref --format=%(refname)%00%(upstream:short)%00%(objectname)%00%(upstream:track)%00%(upstream:remotename)%00%(upstream:remoteref) refs/heads/origin/memory-testing refs/remotes/origin/memory-testing [4ms]
2025-07-02 14:56:28.607 [info] > git for-each-ref --format=%(refname)%00%(upstream:short)%00%(objectname)%00%(upstream:track)%00%(upstream:remotename)%00%(upstream:remoteref) refs/heads/rocm refs/remotes/rocm [23ms]
2025-07-02 14:56:28.608 [info] > git for-each-ref --sort -committerdate --format %(refname)%00%(objectname)%00%(*objectname) [91ms]
2025-07-02 14:56:28.611 [info] > git merge-base refs/heads/rocm refs/remotes/newrepo/rocm [4ms]
2025-07-02 14:56:28.625 [info] > git status -z -uall [5ms]
2025-07-02 14:56:28.626 [info] > git diff --name-status -z --diff-filter=ADMR 42a131a2f7f739d34bc841379cac1eab1284f457...refs/remotes/newrepo/rocm [11ms]
2025-07-02 14:56:28.627 [info] > git for-each-ref --sort -committerdate --format %(refname)%00%(objectname)%00%(*objectname) [2ms]
2025-07-02 14:56:48.838 [info] > git check-ignore -v -z --stdin [6ms]
2025-07-02 14:56:48.838 [info] > git check-ignore -v -z --stdin [1ms]
2025-07-02 14:56:56.882 [info] > git check-ignore -v -z --stdin [1ms]
2025-07-02 14:57:15.131 [info] > git check-ignore -v -z --stdin [1ms]
2025-07-02 14:57:15.752 [warning] [Git][getHEAD] Failed to parse HEAD file: ENOENT: no such file or directory, open '/home/ffaraazm/rocFFT-misc/.git/HEAD'
2025-07-02 14:57:15.767 [warning] [Git][getRemotes] Error: ENOENT: no such file or directory, open '/home/ffaraazm/rocFFT-misc/.git/config'
2025-07-02 14:57:15.782 [warning] [Git][getHEAD] Failed to parse HEAD file: ENOENT: no such file or directory, open '/home/ffaraazm/rocFFT-misc/.git/HEAD'
2025-07-02 14:57:15.795 [warning] [Git][getRemotes] Error: ENOENT: no such file or directory, open '/home/ffaraazm/rocFFT-misc/.git/config'
2025-07-02 14:57:15.802 [info] > git config --get commit.template [57ms]
2025-07-02 14:57:15.811 [info] > git for-each-ref --format=%(refname)%00%(upstream:short)%00%(objectname)%00%(upstream:track)%00%(upstream:remotename)%00%(upstream:remoteref) refs/heads/feature/add-memcpy-folder refs/remotes/feature/add-memcpy-folder [2ms]
2025-07-02 14:57:15.817 [warning] [Git][revParse] Unable to read file: ENOENT: no such file or directory, open '/home/ffaraazm/product-management-testing/.git/refs/remotes/origin/memory'
2025-07-02 14:57:15.819 [info] > git rev-parse refs/remotes/origin/memory [2ms]
2025-07-02 14:57:15.833 [info] > git status -z -uall [8ms]
2025-07-02 14:57:15.834 [info] > git for-each-ref --sort -committerdate --format %(refname)%00%(objectname)%00%(*objectname) [1ms]
2025-07-02 14:57:16.413 [info] > git check-ignore -v -z --stdin [15ms]
2025-07-02 14:57:16.413 [info] > git check-ignore -v -z --stdin [8ms]
2025-07-02 14:57:16.413 [info] > git check-ignore -v -z --stdin [1ms]
2025-07-02 14:57:19.630 [info] > git check-ignore -v -z --stdin [2ms]
2025-07-02 14:57:45.684 [info] > git config --get commit.template [9ms]
2025-07-02 14:57:45.684 [info] > git for-each-ref --format=%(refname)%00%(upstream:short)%00%(objectname)%00%(upstream:track)%00%(upstream:remotename)%00%(upstream:remoteref) refs/heads/feature/add-memcpy-folder refs/remotes/feature/add-memcpy-folder [1ms]
2025-07-02 14:57:45.692 [warning] [Git][revParse] Unable to read file: ENOENT: no such file or directory, open '/home/ffaraazm/product-management-testing/.git/refs/remotes/origin/memory'
2025-07-02 14:57:45.693 [info] > git rev-parse refs/remotes/origin/memory [1ms]
2025-07-02 14:57:45.706 [info] > git status -z -uall [6ms]
2025-07-02 14:57:45.707 [info] > git for-each-ref --sort -committerdate --format %(refname)%00%(objectname)%00%(*objectname) [1ms]
2025-07-02 14:57:46.753 [info] > git config --get commit.template [8ms]
2025-07-02 14:57:46.754 [info] > git for-each-ref --format=%(refname)%00%(upstream:short)%00%(objectname)%00%(upstream:track)%00%(upstream:remotename)%00%(upstream:remoteref) refs/heads/feature/add-memcpy-folder refs/remotes/feature/add-memcpy-folder [1ms]
2025-07-02 14:57:46.761 [warning] [Git][revParse] Unable to read file: ENOENT: no such file or directory, open '/home/ffaraazm/product-management-testing/.git/refs/remotes/origin/memory'
2025-07-02 14:57:46.762 [info] > git rev-parse refs/remotes/origin/memory [1ms]
2025-07-02 14:57:46.776 [info] > git status -z -uall [7ms]
2025-07-02 14:57:46.777 [info] > git for-each-ref --sort -committerdate --format %(refname)%00%(objectname)%00%(*objectname) [2ms]
2025-07-02 14:58:16.386 [info] > git config --get commit.template [9ms]
2025-07-02 14:58:16.387 [info] > git for-each-ref --format=%(refname)%00%(upstream:short)%00%(objectname)%00%(upstream:track)%00%(upstream:remotename)%00%(upstream:remoteref) refs/heads/feature/add-memcpy-folder refs/remotes/feature/add-memcpy-folder [2ms]
2025-07-02 14:58:16.394 [warning] [Git][revParse] Unable to read file: ENOENT: no such file or directory, open '/home/ffaraazm/product-management-testing/.git/refs/remotes/origin/memory'
2025-07-02 14:58:16.395 [info] > git rev-parse refs/remotes/origin/memory [1ms]
2025-07-02 14:58:16.410 [info] > git status -z -uall [7ms]
2025-07-02 14:58:16.411 [info] > git for-each-ref --sort -committerdate --format %(refname)%00%(objectname)%00%(*objectname) [2ms]
2025-07-02 14:58:16.421 [info] > git merge-base refs/heads/feature/add-memcpy-folder refs/remotes/origin/memory [1ms]
2025-07-02 14:58:16.430 [info] > git diff --name-status -z --diff-filter=ADMR 0e3a8643863c2f9849b89bd81ce3c532fbecb689...refs/remotes/origin/memory [2ms]
2025-07-02 15:00:32.037 [info] > git config --get commit.template [8ms]
2025-07-02 15:00:32.038 [info] > git for-each-ref --format=%(refname)%00%(upstream:short)%00%(objectname)%00%(upstream:track)%00%(upstream:remotename)%00%(upstream:remoteref) refs/heads/feature/add-memcpy-folder refs/remotes/feature/add-memcpy-folder [1ms]
2025-07-02 15:00:32.045 [warning] [Git][revParse] Unable to read file: ENOENT: no such file or directory, open '/home/ffaraazm/product-management-testing/.git/refs/remotes/origin/memory'
2025-07-02 15:00:32.047 [info] > git rev-parse refs/remotes/origin/memory [2ms]
2025-07-02 15:00:32.062 [info] > git status -z -uall [7ms]
2025-07-02 15:00:32.063 [info] > git for-each-ref --sort -committerdate --format %(refname)%00%(objectname)%00%(*objectname) [2ms]
2025-07-02 15:00:32.366 [info] > git config --get commit.template [7ms]
2025-07-02 15:00:32.368 [info] > git for-each-ref --format=%(refname)%00%(upstream:short)%00%(objectname)%00%(upstream:track)%00%(upstream:remotename)%00%(upstream:remoteref) refs/heads/feature/add-memcpy-folder refs/remotes/feature/add-memcpy-folder [2ms]
2025-07-02 15:00:32.374 [warning] [Git][revParse] Unable to read file: ENOENT: no such file or directory, open '/home/ffaraazm/product-management-testing/.git/refs/remotes/origin/memory'
2025-07-02 15:00:32.376 [info] > git rev-parse refs/remotes/origin/memory [1ms]
2025-07-02 15:00:32.389 [info] > git status -z -uall [6ms]
2025-07-02 15:00:32.390 [info] > git for-each-ref --sort -committerdate --format %(refname)%00%(objectname)%00%(*objectname) [1ms]
2025-07-02 15:00:37.074 [info] > git config --get commit.template [2ms]
2025-07-02 15:00:37.083 [info] > git for-each-ref --format=%(refname)%00%(upstream:short)%00%(objectname)%00%(upstream:track)%00%(upstream:remotename)%00%(upstream:remoteref) refs/heads/feature/add-memcpy-folder refs/remotes/feature/add-memcpy-folder [1ms]
2025-07-02 15:00:37.090 [warning] [Git][revParse] Unable to read file: ENOENT: no such file or directory, open '/home/ffaraazm/product-management-testing/.git/refs/remotes/origin/memory'
2025-07-02 15:00:37.092 [info] > git rev-parse refs/remotes/origin/memory [2ms]
2025-07-02 15:00:37.105 [info] > git status -z -uall [7ms]
2025-07-02 15:00:37.107 [info] > git for-each-ref --sort -committerdate --format %(refname)%00%(objectname)%00%(*objectname) [2ms]
2025-07-02 15:01:14.370 [info] > git config --get commit.template [1ms]
2025-07-02 15:01:14.379 [info] > git for-each-ref --format=%(refname)%00%(upstream:short)%00%(objectname)%00%(upstream:track)%00%(upstream:remotename)%00%(upstream:remoteref) refs/heads/feature/add-memcpy-folder refs/remotes/feature/add-memcpy-folder [1ms]
2025-07-02 15:01:14.393 [info] > git status -z -uall [7ms]
2025-07-02 15:01:14.395 [info] > git for-each-ref --sort -committerdate --format %(refname)%00%(objectname)%00%(*objectname) [2ms]
2025-07-02 15:01:14.404 [info] > git merge-base refs/heads/feature/add-memcpy-folder refs/remotes/origin/memory [2ms]
2025-07-02 15:01:14.413 [info] > git diff --name-status -z --diff-filter=ADMR 42314f280b916f35210f61e23ba4ab506dca9354...refs/remotes/origin/memory [2ms]
2025-07-02 15:01:15.479 [info] > git config --get commit.template [8ms]
2025-07-02 15:01:15.481 [info] > git for-each-ref --format=%(refname)%00%(upstream:short)%00%(objectname)%00%(upstream:track)%00%(upstream:remotename)%00%(upstream:remoteref) refs/heads/feature/add-memcpy-folder refs/remotes/feature/add-memcpy-folder [2ms]
2025-07-02 15:01:15.496 [info] > git status -z -uall [7ms]
2025-07-02 15:01:15.497 [info] > git for-each-ref --sort -committerdate --format %(refname)%00%(objectname)%00%(*objectname) [2ms]
2025-07-02 15:01:20.517 [info] > git config --get commit.template [8ms]
2025-07-02 15:01:20.518 [info] > git for-each-ref --format=%(refname)%00%(upstream:short)%00%(objectname)%00%(upstream:track)%00%(upstream:remotename)%00%(upstream:remoteref) refs/heads/feature/add-memcpy-folder refs/remotes/feature/add-memcpy-folder [2ms]
2025-07-02 15:01:20.534 [info] > git status -z -uall [9ms]
2025-07-02 15:01:20.534 [info] > git for-each-ref --sort -committerdate --format %(refname)%00%(objectname)%00%(*objectname) [1ms]
2025-07-02 15:04:21.686 [info] > git check-ignore -v -z --stdin [2ms]
2025-07-02 15:04:29.178 [info] > git config --get commit.template [9ms]
2025-07-02 15:04:29.179 [info] > git for-each-ref --format=%(refname)%00%(upstream:short)%00%(objectname)%00%(upstream:track)%00%(upstream:remotename)%00%(upstream:remoteref) refs/heads/feature/add-memcpy-folder refs/remotes/feature/add-memcpy-folder [2ms]
2025-07-02 15:04:29.193 [info] > git status -z -uall [7ms]
2025-07-02 15:04:29.194 [info] > git for-each-ref --sort -committerdate --format %(refname)%00%(objectname)%00%(*objectname) [1ms]
2025-07-02 15:04:36.230 [info] > git config --get commit.template [8ms]
2025-07-02 15:04:36.232 [info] > git for-each-ref --format=%(refname)%00%(upstream:short)%00%(objectname)%00%(upstream:track)%00%(upstream:remotename)%00%(upstream:remoteref) refs/heads/feature/add-memcpy-folder refs/remotes/feature/add-memcpy-folder [2ms]
2025-07-02 15:04:36.244 [info] > git status -z -uall [6ms]
2025-07-02 15:04:36.245 [info] > git for-each-ref --sort -committerdate --format %(refname)%00%(objectname)%00%(*objectname) [1ms]
2025-07-02 15:04:50.065 [info] > git config --get commit.template [8ms]
2025-07-02 15:04:50.066 [info] > git for-each-ref --format=%(refname)%00%(upstream:short)%00%(objectname)%00%(upstream:track)%00%(upstream:remotename)%00%(upstream:remoteref) refs/heads/feature/add-memcpy-folder refs/remotes/feature/add-memcpy-folder [2ms]
2025-07-02 15:04:50.080 [info] > git status -z -uall [7ms]
2025-07-02 15:04:50.081 [info] > git for-each-ref --sort -committerdate --format %(refname)%00%(objectname)%00%(*objectname) [1ms]
2025-07-02 15:04:55.658 [info] > git config --get commit.template [9ms]
2025-07-02 15:04:55.659 [info] > git for-each-ref --format=%(refname)%00%(upstream:short)%00%(objectname)%00%(upstream:track)%00%(upstream:remotename)%00%(upstream:remoteref) refs/heads/feature/add-memcpy-folder refs/remotes/feature/add-memcpy-folder [2ms]
2025-07-02 15:04:55.675 [info] > git status -z -uall [7ms]
2025-07-02 15:04:55.676 [info] > git for-each-ref --sort -committerdate --format %(refname)%00%(objectname)%00%(*objectname) [2ms]
2025-07-02 15:05:17.061 [info] > git config --get commit.template [7ms]
2025-07-02 15:05:17.063 [info] > git for-each-ref --format=%(refname)%00%(upstream:short)%00%(objectname)%00%(upstream:track)%00%(upstream:remotename)%00%(upstream:remoteref) refs/heads/feature/add-memcpy-folder refs/remotes/feature/add-memcpy-folder [2ms]
2025-07-02 15:05:17.075 [info] > git status -z -uall [6ms]
2025-07-02 15:05:17.076 [info] > git for-each-ref --sort -committerdate --format %(refname)%00%(objectname)%00%(*objectname) [2ms]
2025-07-02 15:05:45.856 [info] > git log --format=%H%n%aN%n%aE%n%at%n%ct%n%P%n%D%n%B -z --shortstat --diff-merges=first-parent -n50 --skip=0 --topo-order --decorate=full --stdin [9ms]
2025-07-02 15:05:45.856 [info] fatal: bad revision 'refs/heads/faraaz-bot-removeBigFiles'
2025-07-02 15:05:45.856 [error] [GitHistoryProvider][provideHistoryItems] Failed to get history items with options '{"historyItemRefs":["refs/heads/faraaz-bot-removeBigFiles"],"limit":50,"skip":0}': Failed to execute git {
  "exitCode": 128,
  "gitCommand": "log",
  "stdout": "",
  "stderr": "fatal: bad revision 'refs/heads/faraaz-bot-removeBigFiles'\n"
}
2025-07-02 15:06:20.295 [info] > git check-ignore -v -z --stdin [1ms]
2025-07-02 15:06:20.938 [info] > git config --get commit.template [9ms]
2025-07-02 15:06:20.939 [info] > git for-each-ref --format=%(refname)%00%(upstream:short)%00%(objectname)%00%(upstream:track)%00%(upstream:remotename)%00%(upstream:remoteref) refs/heads/feature/add-memcpy-folder refs/remotes/feature/add-memcpy-folder [1ms]
2025-07-02 15:06:20.953 [info] > git status -z -uall [7ms]
2025-07-02 15:06:20.955 [info] > git for-each-ref --sort -committerdate --format %(refname)%00%(objectname)%00%(*objectname) [1ms]
2025-07-02 15:07:19.134 [info] > git check-ignore -v -z --stdin [1ms]
2025-07-02 15:07:23.348 [info] > git check-ignore -v -z --stdin [1ms]
2025-07-02 15:07:26.070 [info] > git check-ignore -v -z --stdin [1ms]
2025-07-02 15:07:46.371 [info] > git check-ignore -v -z --stdin [2ms]
2025-07-02 15:09:07.211 [info] > git config --get commit.template [8ms]
2025-07-02 15:09:07.212 [info] > git for-each-ref --format=%(refname)%00%(upstream:short)%00%(objectname)%00%(upstream:track)%00%(upstream:remotename)%00%(upstream:remoteref) refs/heads/feature/add-memcpy-folder refs/remotes/feature/add-memcpy-folder [2ms]
2025-07-02 15:09:07.226 [info] > git status -z -uall [7ms]
2025-07-02 15:09:07.226 [info] > git for-each-ref --sort -committerdate --format %(refname)%00%(objectname)%00%(*objectname) [1ms]
2025-07-02 15:09:07.500 [info] > git config --get commit.template [8ms]
2025-07-02 15:09:07.501 [info] > git for-each-ref --format=%(refname)%00%(upstream:short)%00%(objectname)%00%(upstream:track)%00%(upstream:remotename)%00%(upstream:remoteref) refs/heads/feature/add-memcpy-folder refs/remotes/feature/add-memcpy-folder [2ms]
2025-07-02 15:09:07.515 [info] > git status -z -uall [7ms]
2025-07-02 15:09:07.516 [info] > git for-each-ref --sort -committerdate --format %(refname)%00%(objectname)%00%(*objectname) [2ms]
2025-07-02 15:09:07.525 [info] > git merge-base refs/heads/feature/add-memcpy-folder refs/remotes/origin/memory [1ms]
2025-07-02 15:09:07.533 [info] > git diff --name-status -z --diff-filter=ADMR 1155f9e767dfacb458a0c0902a7fc3ddd1e0f4ab...refs/remotes/origin/memory [1ms]
2025-07-02 15:09:08.607 [info] > git check-ignore -v -z --stdin [2ms]
2025-07-02 15:09:12.243 [info] > git config --get commit.template [7ms]
2025-07-02 15:09:12.244 [info] > git for-each-ref --format=%(refname)%00%(upstream:short)%00%(objectname)%00%(upstream:track)%00%(upstream:remotename)%00%(upstream:remoteref) refs/heads/feature/add-memcpy-folder refs/remotes/feature/add-memcpy-folder [1ms]
2025-07-02 15:09:12.259 [info] > git status -z -uall [8ms]
2025-07-02 15:09:12.260 [info] > git for-each-ref --sort -committerdate --format %(refname)%00%(objectname)%00%(*objectname) [2ms]
2025-07-02 15:09:28.538 [info] > git check-ignore -v -z --stdin [1ms]
2025-07-02 15:09:29.164 [info] > git config --get commit.template [9ms]
2025-07-02 15:09:29.165 [info] > git for-each-ref --format=%(refname)%00%(upstream:short)%00%(objectname)%00%(upstream:track)%00%(upstream:remotename)%00%(upstream:remoteref) refs/heads/feature/add-memcpy-folder refs/remotes/feature/add-memcpy-folder [1ms]
2025-07-02 15:09:29.180 [info] > git status -z -uall [7ms]
2025-07-02 15:09:29.181 [info] > git for-each-ref --sort -committerdate --format %(refname)%00%(objectname)%00%(*objectname) [2ms]
2025-07-02 15:09:46.287 [info] > git config --get commit.template [9ms]
2025-07-02 15:09:46.288 [info] > git for-each-ref --format=%(refname)%00%(upstream:short)%00%(objectname)%00%(upstream:track)%00%(upstream:remotename)%00%(upstream:remoteref) refs/heads/feature/add-memcpy-folder refs/remotes/feature/add-memcpy-folder [2ms]
2025-07-02 15:09:46.302 [info] > git status -z -uall [7ms]
2025-07-02 15:09:46.303 [info] > git for-each-ref --sort -committerdate --format %(refname)%00%(objectname)%00%(*objectname) [1ms]
2025-07-02 15:10:00.198 [info] > git config --get commit.template [8ms]
2025-07-02 15:10:00.199 [info] > git for-each-ref --format=%(refname)%00%(upstream:short)%00%(objectname)%00%(upstream:track)%00%(upstream:remotename)%00%(upstream:remoteref) refs/heads/feature/add-memcpy-folder refs/remotes/feature/add-memcpy-folder [2ms]
2025-07-02 15:10:00.214 [info] > git status -z -uall [7ms]
2025-07-02 15:10:00.215 [info] > git for-each-ref --sort -committerdate --format %(refname)%00%(objectname)%00%(*objectname) [2ms]
2025-07-02 15:10:04.199 [info] > git check-ignore -v -z --stdin [2ms]
2025-07-02 15:10:14.300 [info] > git config --get commit.template [8ms]
2025-07-02 15:10:14.301 [info] > git for-each-ref --format=%(refname)%00%(upstream:short)%00%(objectname)%00%(upstream:track)%00%(upstream:remotename)%00%(upstream:remoteref) refs/heads/feature/add-memcpy-folder refs/remotes/feature/add-memcpy-folder [1ms]
2025-07-02 15:10:14.317 [info] > git for-each-ref --sort -committerdate --format %(refname)%00%(objectname)%00%(*objectname) [2ms]
2025-07-02 15:10:14.319 [info] > git status -z -uall [11ms]
2025-07-02 15:10:15.410 [info] > git config --get commit.template [9ms]
2025-07-02 15:10:15.411 [info] > git for-each-ref --format=%(refname)%00%(upstream:short)%00%(objectname)%00%(upstream:track)%00%(upstream:remotename)%00%(upstream:remoteref) refs/heads/feature/add-memcpy-folder refs/remotes/feature/add-memcpy-folder [1ms]
2025-07-02 15:10:15.426 [info] > git for-each-ref --sort -committerdate --format %(refname)%00%(objectname)%00%(*objectname) [1ms]
2025-07-02 15:10:15.429 [info] > git status -z -uall [11ms]
2025-07-02 15:12:26.728 [info] > git config --get commit.template [8ms]
2025-07-02 15:12:26.729 [info] > git for-each-ref --format=%(refname)%00%(upstream:short)%00%(objectname)%00%(upstream:track)%00%(upstream:remotename)%00%(upstream:remoteref) refs/heads/feature/add-memcpy-folder refs/remotes/feature/add-memcpy-folder [2ms]
2025-07-02 15:12:26.744 [info] > git for-each-ref --sort -committerdate --format %(refname)%00%(objectname)%00%(*objectname) [2ms]
2025-07-02 15:12:26.746 [info] > git status -z -uall [10ms]
2025-07-02 15:12:26.757 [info] > git merge-base refs/heads/feature/add-memcpy-folder refs/remotes/origin/memory [2ms]
2025-07-02 15:12:26.764 [info] > git diff --name-status -z --diff-filter=ADMR 1155f9e767dfacb458a0c0902a7fc3ddd1e0f4ab...refs/remotes/origin/memory [1ms]
2025-07-02 15:12:41.937 [info] > git config --get commit.template [9ms]
2025-07-02 15:12:41.938 [info] > git for-each-ref --format=%(refname)%00%(upstream:short)%00%(objectname)%00%(upstream:track)%00%(upstream:remotename)%00%(upstream:remoteref) refs/heads/feature/add-memcpy-folder refs/remotes/feature/add-memcpy-folder [2ms]
2025-07-02 15:12:41.952 [info] > git status -z -uall [7ms]
2025-07-02 15:12:41.953 [info] > git for-each-ref --sort -committerdate --format %(refname)%00%(objectname)%00%(*objectname) [1ms]
2025-07-02 15:13:02.611 [info] > git config --get commit.template [8ms]
2025-07-02 15:13:02.612 [info] > git for-each-ref --format=%(refname)%00%(upstream:short)%00%(objectname)%00%(upstream:track)%00%(upstream:remotename)%00%(upstream:remoteref) refs/heads/feature/add-memcpy-folder refs/remotes/feature/add-memcpy-folder [2ms]
2025-07-02 15:13:02.626 [info] > git status -z -uall [7ms]
2025-07-02 15:13:02.627 [info] > git for-each-ref --sort -committerdate --format %(refname)%00%(objectname)%00%(*objectname) [2ms]
2025-07-02 15:13:02.636 [info] > git merge-base refs/heads/feature/add-memcpy-folder refs/remotes/origin/memory [2ms]
2025-07-02 15:13:02.644 [info] > git diff --name-status -z --diff-filter=ADMR c9001c9ea6c936e1556417c000feb3784ceb99a7...refs/remotes/origin/memory [1ms]
2025-07-02 15:13:03.774 [info] > git config --get commit.template [8ms]
2025-07-02 15:13:03.775 [info] > git for-each-ref --format=%(refname)%00%(upstream:short)%00%(objectname)%00%(upstream:track)%00%(upstream:remotename)%00%(upstream:remoteref) refs/heads/feature/add-memcpy-folder refs/remotes/feature/add-memcpy-folder [1ms]
2025-07-02 15:13:03.790 [info] > git status -z -uall [7ms]
2025-07-02 15:13:03.791 [info] > git for-each-ref --sort -committerdate --format %(refname)%00%(objectname)%00%(*objectname) [2ms]
2025-07-02 15:26:34.153 [info] > git config --get commit.template [7ms]
2025-07-02 15:26:34.155 [info] > git for-each-ref --format=%(refname)%00%(upstream:short)%00%(objectname)%00%(upstream:track)%00%(upstream:remotename)%00%(upstream:remoteref) refs/heads/feature/add-memcpy-folder refs/remotes/feature/add-memcpy-folder [1ms]
2025-07-02 15:26:34.168 [info] > git status -z -uall [7ms]
2025-07-02 15:26:34.170 [info] > git for-each-ref --sort -committerdate --format %(refname)%00%(objectname)%00%(*objectname) [2ms]
2025-07-02 15:26:38.721 [info] > git config --get commit.template [9ms]
2025-07-02 15:26:38.722 [info] > git for-each-ref --format=%(refname)%00%(upstream:short)%00%(objectname)%00%(upstream:track)%00%(upstream:remotename)%00%(upstream:remoteref) refs/heads/feature/add-memcpy-folder refs/remotes/feature/add-memcpy-folder [2ms]
2025-07-02 15:26:38.734 [info] > git for-each-ref --sort -committerdate --format %(refname)%00%(objectname)%00%(*objectname) [2ms]
2025-07-02 15:26:38.735 [info] > git status -z -uall [7ms]
2025-07-02 15:27:03.092 [info] > git config --get commit.template [9ms]
2025-07-02 15:27:03.093 [info] > git for-each-ref --format=%(refname)%00%(upstream:short)%00%(objectname)%00%(upstream:track)%00%(upstream:remotename)%00%(upstream:remoteref) refs/heads/feature/add-memcpy-folder refs/remotes/feature/add-memcpy-folder [2ms]
2025-07-02 15:27:03.107 [info] > git status -z -uall [7ms]
2025-07-02 15:27:03.108 [info] > git for-each-ref --sort -committerdate --format %(refname)%00%(objectname)%00%(*objectname) [1ms]
2025-07-02 15:40:48.595 [info] > git config --get commit.template [9ms]
2025-07-02 15:40:48.596 [info] > git for-each-ref --format=%(refname)%00%(upstream:short)%00%(objectname)%00%(upstream:track)%00%(upstream:remotename)%00%(upstream:remoteref) refs/heads/feature/add-memcpy-folder refs/remotes/feature/add-memcpy-folder [1ms]
2025-07-02 15:40:48.611 [info] > git status -z -uall [7ms]
2025-07-02 15:40:48.612 [info] > git for-each-ref --sort -committerdate --format %(refname)%00%(objectname)%00%(*objectname) [2ms]
2025-07-02 15:42:17.362 [info] > git config --get commit.template [7ms]
2025-07-02 15:42:17.364 [info] > git for-each-ref --format=%(refname)%00%(upstream:short)%00%(objectname)%00%(upstream:track)%00%(upstream:remotename)%00%(upstream:remoteref) refs/heads/feature/add-memcpy-folder refs/remotes/feature/add-memcpy-folder [2ms]
2025-07-02 15:42:17.374 [info] > git status -z -uall [4ms]
2025-07-02 15:42:17.374 [info] > git for-each-ref --sort -committerdate --format %(refname)%00%(objectname)%00%(*objectname) [1ms]
2025-07-02 15:42:18.474 [info] > git config --get commit.template [9ms]
2025-07-02 15:42:18.475 [info] > git for-each-ref --format=%(refname)%00%(upstream:short)%00%(objectname)%00%(upstream:track)%00%(upstream:remotename)%00%(upstream:remoteref) refs/heads/feature/add-memcpy-folder refs/remotes/feature/add-memcpy-folder [2ms]
2025-07-02 15:42:18.489 [info] > git status -z -uall [7ms]
2025-07-02 15:42:18.490 [info] > git for-each-ref --sort -committerdate --format %(refname)%00%(objectname)%00%(*objectname) [1ms]
2025-07-02 15:42:35.180 [info] > git config --get commit.template [7ms]
2025-07-02 15:42:35.181 [info] > git for-each-ref --format=%(refname)%00%(upstream:short)%00%(objectname)%00%(upstream:track)%00%(upstream:remotename)%00%(upstream:remoteref) refs/heads/feature/add-memcpy-folder refs/remotes/feature/add-memcpy-folder [2ms]
2025-07-02 15:42:35.193 [info] > git status -z -uall [6ms]
2025-07-02 15:42:35.194 [info] > git for-each-ref --sort -committerdate --format %(refname)%00%(objectname)%00%(*objectname) [2ms]
2025-07-02 15:42:54.901 [info] > git config --get commit.template [8ms]
2025-07-02 15:42:54.902 [info] > git for-each-ref --format=%(refname)%00%(upstream:short)%00%(objectname)%00%(upstream:track)%00%(upstream:remotename)%00%(upstream:remoteref) refs/heads/feature/add-memcpy-folder refs/remotes/feature/add-memcpy-folder [2ms]
2025-07-02 15:42:54.916 [info] > git status -z -uall [7ms]
2025-07-02 15:42:54.917 [info] > git for-each-ref --sort -committerdate --format %(refname)%00%(objectname)%00%(*objectname) [1ms]
2025-07-02 15:42:54.926 [info] > git merge-base refs/heads/feature/add-memcpy-folder refs/remotes/origin/memory [1ms]
2025-07-02 15:42:54.934 [info] > git diff --name-status -z --diff-filter=ADMR c9001c9ea6c936e1556417c000feb3784ceb99a7...refs/remotes/origin/memory [1ms]
2025-07-02 15:42:55.953 [info] > git config --get commit.template [8ms]
2025-07-02 15:42:55.954 [info] > git for-each-ref --format=%(refname)%00%(upstream:short)%00%(objectname)%00%(upstream:track)%00%(upstream:remotename)%00%(upstream:remoteref) refs/heads/feature/add-memcpy-folder refs/remotes/feature/add-memcpy-folder [1ms]
2025-07-02 15:42:55.968 [info] > git status -z -uall [7ms]
2025-07-02 15:42:55.970 [info] > git for-each-ref --sort -committerdate --format %(refname)%00%(objectname)%00%(*objectname) [2ms]
2025-07-02 15:43:18.542 [info] > git config --get commit.template [8ms]
2025-07-02 15:43:18.544 [info] > git for-each-ref --format=%(refname)%00%(upstream:short)%00%(objectname)%00%(upstream:track)%00%(upstream:remotename)%00%(upstream:remoteref) refs/heads/feature/add-memcpy-folder refs/remotes/feature/add-memcpy-folder [2ms]
2025-07-02 15:43:18.559 [info] > git status -z -uall [8ms]
2025-07-02 15:43:18.559 [info] > git for-each-ref --sort -committerdate --format %(refname)%00%(objectname)%00%(*objectname) [1ms]
2025-07-02 15:43:18.569 [info] > git merge-base refs/heads/feature/add-memcpy-folder refs/remotes/origin/memory [1ms]
2025-07-02 15:43:18.577 [info] > git diff --name-status -z --diff-filter=ADMR c586a262536568680a7e76ed70265aa6102e7fac...refs/remotes/origin/memory [1ms]
